2020-11-05 17:32:59.322  INFO 45768 --- [restartedMain] c.cg.ofd.OrderDetailsServiceApplication  : No active profile set, falling back to default profiles: default
2020-11-05 17:33:01.652  WARN 45768 --- [restartedMain] o.s.boot.actuate.endpoint.EndpointId     : Endpoint ID 'service-registry' contains invalid characters, please migrate to a valid format.
2020-11-05 17:33:03.119  WARN 45768 --- [restartedMain] c.n.c.sources.URLConfigurationSource     : No URLs will be polled as dynamic configuration sources.
2020-11-05 17:33:03.706  WARN 45768 --- [restartedMain] JpaBaseConfiguration$JpaWebConfiguration : spring.jpa.open-in-view is enabled by default. Therefore, database queries may be performed during view rendering. Explicitly configure spring.jpa.open-in-view to disable this warning
2020-11-05 17:33:03.792  WARN 45768 --- [restartedMain] o.s.b.d.a.OptionalLiveReloadServer       : Unable to start LiveReload server
2020-11-05 17:33:11.395  WARN 45768 --- [restartedMain] c.n.c.sources.URLConfigurationSource     : No URLs will be polled as dynamic configuration sources.
2020-11-05 17:33:13.115  WARN 45768 --- [restartedMain] ockingLoadBalancerClientRibbonWarnLogger : You already have RibbonLoadBalancerClient on your classpath. It will be used by default. As Spring Cloud Ribbon is in maintenance mode. We recommend switching to BlockingLoadBalancerClient instead. In order to use it, set the value of `spring.cloud.loadbalancer.ribbon.enabled` to `false` or remove spring-cloud-starter-netflix-ribbon from your project.
2020-11-05 17:33:18.553  INFO 45768 --- [restartedMain] c.cg.ofd.OrderDetailsServiceApplication  : Started OrderDetailsServiceApplication in 21.54 seconds (JVM running for 23.451)
2020-11-05 17:47:10.922  WARN 45768 --- [http-nio-7070-exec-1] .m.m.a.ExceptionHandlerExceptionResolver : Resolved [feign.codec.DecodeException: Error while extracting response for type [class com.cg.ofd.bean.Customer] and content type [application/json]; nested exception is org.springframework.http.converter.HttpMessageNotReadableException: JSON parse error: Cannot deserialize instance of `com.cg.ofd.bean.Address` out of START_ARRAY token; nested exception is com.fasterxml.jackson.databind.exc.MismatchedInputException: Cannot deserialize instance of `com.cg.ofd.bean.Address` out of START_ARRAY token
 at [Source: (PushbackInputStream); line: 1, column: 163] (through reference chain: com.cg.ofd.bean.Customer["address"])]
2020-11-05 17:48:35.310  WARN 45768 --- [Thread-3] com.netflix.discovery.DiscoveryClient    : Saw local status change event StatusChangeEvent [timestamp=1604578715309, current=DOWN, previous=UP]
2020-11-05 17:48:40.786  INFO 45768 --- [restartedMain] c.cg.ofd.OrderDetailsServiceApplication  : No active profile set, falling back to default profiles: default
2020-11-05 17:48:43.673  WARN 45768 --- [restartedMain] JpaBaseConfiguration$JpaWebConfiguration : spring.jpa.open-in-view is enabled by default. Therefore, database queries may be performed during view rendering. Explicitly configure spring.jpa.open-in-view to disable this warning
2020-11-05 17:48:43.752  WARN 45768 --- [restartedMain] o.s.b.d.a.OptionalLiveReloadServer       : Unable to start LiveReload server
2020-11-05 17:48:43.818  WARN 45768 --- [restartedMain] s.c.a.AnnotationConfigApplicationContext : Exception encountered during context initialization - cancelling refresh attempt: org.springframework.beans.factory.BeanCreationException: Error creating bean with name 'itemDao' defined in com.cg.ofd.dao.ItemDao defined in @EnableJpaRepositories declared on JpaRepositoriesRegistrar.EnableJpaRepositoriesConfiguration: Cannot resolve reference to bean 'jpaMappingContext' while setting bean property 'mappingContext'; nested exception is org.springframework.beans.factory.BeanCreationException: Error creating bean with name 'jpaMappingContext': Invocation of init method failed; nested exception is java.lang.IllegalStateException: Failed to asynchronously initialize native EntityManagerFactory: java.lang.NoClassDefFoundError: LList;
2020-11-05 17:48:43.822  WARN 45768 --- [restartedMain] ConfigServletWebServerApplicationContext : Exception encountered during context initialization - cancelling refresh attempt: org.springframework.beans.factory.UnsatisfiedDependencyException: Error creating bean with name 'foodCartController': Unsatisfied dependency expressed through field 'foodCartservice'; nested exception is org.springframework.beans.factory.UnsatisfiedDependencyException: Error creating bean with name 'foodCartServiceImpl': Unsatisfied dependency expressed through field 'cProxy'; nested exception is org.springframework.beans.factory.BeanCreationException: Error creating bean with name 'com.cg.ofd.feignproxy.CustomerServiceProxy': FactoryBean threw exception on object creation; nested exception is org.springframework.beans.factory.BeanCreationException: Error creating bean with name 'itemDao' defined in com.cg.ofd.dao.ItemDao defined in @EnableJpaRepositories declared on JpaRepositoriesRegistrar.EnableJpaRepositoriesConfiguration: Cannot resolve reference to bean 'jpaMappingContext' while setting bean property 'mappingContext'; nested exception is org.springframework.beans.factory.BeanCreationException: Error creating bean with name 'jpaMappingContext': Invocation of init method failed; nested exception is java.lang.IllegalStateException: Failed to asynchronously initialize native EntityManagerFactory: java.lang.NoClassDefFoundError: LList;
2020-11-05 17:48:43.824  WARN 45768 --- [restartedMain] o.s.b.f.support.DisposableBeanAdapter    : Invocation of destroy method failed on bean with name 'entityManagerFactory': java.lang.IllegalStateException: Failed to asynchronously initialize native EntityManagerFactory: java.lang.NoClassDefFoundError: LList;
2020-11-05 17:48:43.903 ERROR 45768 --- [restartedMain] o.s.boot.SpringApplication               : Application run failed

org.springframework.beans.factory.UnsatisfiedDependencyException: Error creating bean with name 'foodCartController': Unsatisfied dependency expressed through field 'foodCartservice'; nested exception is org.springframework.beans.factory.UnsatisfiedDependencyException: Error creating bean with name 'foodCartServiceImpl': Unsatisfied dependency expressed through field 'cProxy'; nested exception is org.springframework.beans.factory.BeanCreationException: Error creating bean with name 'com.cg.ofd.feignproxy.CustomerServiceProxy': FactoryBean threw exception on object creation; nested exception is org.springframework.beans.factory.BeanCreationException: Error creating bean with name 'itemDao' defined in com.cg.ofd.dao.ItemDao defined in @EnableJpaRepositories declared on JpaRepositoriesRegistrar.EnableJpaRepositoriesConfiguration: Cannot resolve reference to bean 'jpaMappingContext' while setting bean property 'mappingContext'; nested exception is org.springframework.beans.factory.BeanCreationException: Error creating bean with name 'jpaMappingContext': Invocation of init method failed; nested exception is java.lang.IllegalStateException: Failed to asynchronously initialize native EntityManagerFactory: java.lang.NoClassDefFoundError: LList;
	at org.springframework.beans.factory.annotation.AutowiredAnnotationBeanPostProcessor$AutowiredFieldElement.inject(AutowiredAnnotationBeanPostProcessor.java:643) ~[spring-beans-5.2.9.RELEASE.jar:5.2.9.RELEASE]
	at org.springframework.beans.factory.annotation.InjectionMetadata.inject(InjectionMetadata.java:130) ~[spring-beans-5.2.9.RELEASE.jar:5.2.9.RELEASE]
	at org.springframework.beans.factory.annotation.AutowiredAnnotationBeanPostProcessor.postProcessProperties(AutowiredAnnotationBeanPostProcessor.java:399) ~[spring-beans-5.2.9.RELEASE.jar:5.2.9.RELEASE]
	at org.springframework.beans.factory.support.AbstractAutowireCapableBeanFactory.populateBean(AbstractAutowireCapableBeanFactory.java:1420) ~[spring-beans-5.2.9.RELEASE.jar:5.2.9.RELEASE]
	at org.springframework.beans.factory.support.AbstractAutowireCapableBeanFactory.doCreateBean(AbstractAutowireCapableBeanFactory.java:593) ~[spring-beans-5.2.9.RELEASE.jar:5.2.9.RELEASE]
	at org.springframework.beans.factory.support.AbstractAutowireCapableBeanFactory.createBean(AbstractAutowireCapableBeanFactory.java:516) ~[spring-beans-5.2.9.RELEASE.jar:5.2.9.RELEASE]
	at org.springframework.beans.factory.support.AbstractBeanFactory.lambda$doGetBean$0(AbstractBeanFactory.java:324) ~[spring-beans-5.2.9.RELEASE.jar:5.2.9.RELEASE]
	at org.springframework.beans.factory.support.DefaultSingletonBeanRegistry.getSingleton(DefaultSingletonBeanRegistry.java:234) ~[spring-beans-5.2.9.RELEASE.jar:5.2.9.RELEASE]
	at org.springframework.beans.factory.support.AbstractBeanFactory.doGetBean(AbstractBeanFactory.java:322) ~[spring-beans-5.2.9.RELEASE.jar:5.2.9.RELEASE]
	at org.springframework.beans.factory.support.AbstractBeanFactory.getBean(AbstractBeanFactory.java:202) ~[spring-beans-5.2.9.RELEASE.jar:5.2.9.RELEASE]
	at org.springframework.beans.factory.support.DefaultListableBeanFactory.preInstantiateSingletons(DefaultListableBeanFactory.java:897) ~[spring-beans-5.2.9.RELEASE.jar:5.2.9.RELEASE]
	at org.springframework.context.support.AbstractApplicationContext.finishBeanFactoryInitialization(AbstractApplicationContext.java:879) ~[spring-context-5.2.9.RELEASE.jar:5.2.9.RELEASE]
	at org.springframework.context.support.AbstractApplicationContext.refresh(AbstractApplicationContext.java:551) ~[spring-context-5.2.9.RELEASE.jar:5.2.9.RELEASE]
	at org.springframework.boot.web.servlet.context.ServletWebServerApplicationContext.refresh(ServletWebServerApplicationContext.java:143) ~[spring-boot-2.3.4.RELEASE.jar:2.3.4.RELEASE]
	at org.springframework.boot.SpringApplication.refresh(SpringApplication.java:758) [spring-boot-2.3.4.RELEASE.jar:2.3.4.RELEASE]
	at org.springframework.boot.SpringApplication.refresh(SpringApplication.java:750) [spring-boot-2.3.4.RELEASE.jar:2.3.4.RELEASE]
	at org.springframework.boot.SpringApplication.refreshContext(SpringApplication.java:397) [spring-boot-2.3.4.RELEASE.jar:2.3.4.RELEASE]
	at org.springframework.boot.SpringApplication.run(SpringApplication.java:315) [spring-boot-2.3.4.RELEASE.jar:2.3.4.RELEASE]
	at org.springframework.boot.SpringApplication.run(SpringApplication.java:1237) [spring-boot-2.3.4.RELEASE.jar:2.3.4.RELEASE]
	at org.springframework.boot.SpringApplication.run(SpringApplication.java:1226) [spring-boot-2.3.4.RELEASE.jar:2.3.4.RELEASE]
	at com.cg.ofd.OrderDetailsServiceApplication.main(OrderDetailsServiceApplication.java:32) [classes/:na]
	at sun.reflect.NativeMethodAccessorImpl.invoke0(Native Method) ~[na:1.8.0_201]
	at sun.reflect.NativeMethodAccessorImpl.invoke(NativeMethodAccessorImpl.java:62) ~[na:1.8.0_201]
	at sun.reflect.DelegatingMethodAccessorImpl.invoke(DelegatingMethodAccessorImpl.java:43) ~[na:1.8.0_201]
	at java.lang.reflect.Method.invoke(Method.java:498) ~[na:1.8.0_201]
	at org.springframework.boot.devtools.restart.RestartLauncher.run(RestartLauncher.java:49) [spring-boot-devtools-2.3.4.RELEASE.jar:2.3.4.RELEASE]
Caused by: org.springframework.beans.factory.UnsatisfiedDependencyException: Error creating bean with name 'foodCartServiceImpl': Unsatisfied dependency expressed through field 'cProxy'; nested exception is org.springframework.beans.factory.BeanCreationException: Error creating bean with name 'com.cg.ofd.feignproxy.CustomerServiceProxy': FactoryBean threw exception on object creation; nested exception is org.springframework.beans.factory.BeanCreationException: Error creating bean with name 'itemDao' defined in com.cg.ofd.dao.ItemDao defined in @EnableJpaRepositories declared on JpaRepositoriesRegistrar.EnableJpaRepositoriesConfiguration: Cannot resolve reference to bean 'jpaMappingContext' while setting bean property 'mappingContext'; nested exception is org.springframework.beans.factory.BeanCreationException: Error creating bean with name 'jpaMappingContext': Invocation of init method failed; nested exception is java.lang.IllegalStateException: Failed to asynchronously initialize native EntityManagerFactory: java.lang.NoClassDefFoundError: LList;
	at org.springframework.beans.factory.annotation.AutowiredAnnotationBeanPostProcessor$AutowiredFieldElement.inject(AutowiredAnnotationBeanPostProcessor.java:643) ~[spring-beans-5.2.9.RELEASE.jar:5.2.9.RELEASE]
	at org.springframework.beans.factory.annotation.InjectionMetadata.inject(InjectionMetadata.java:130) ~[spring-beans-5.2.9.RELEASE.jar:5.2.9.RELEASE]
	at org.springframework.beans.factory.annotation.AutowiredAnnotationBeanPostProcessor.postProcessProperties(AutowiredAnnotationBeanPostProcessor.java:399) ~[spring-beans-5.2.9.RELEASE.jar:5.2.9.RELEASE]
	at org.springframework.beans.factory.support.AbstractAutowireCapableBeanFactory.populateBean(AbstractAutowireCapableBeanFactory.java:1420) ~[spring-beans-5.2.9.RELEASE.jar:5.2.9.RELEASE]
	at org.springframework.beans.factory.support.AbstractAutowireCapableBeanFactory.doCreateBean(AbstractAutowireCapableBeanFactory.java:593) ~[spring-beans-5.2.9.RELEASE.jar:5.2.9.RELEASE]
	at org.springframework.beans.factory.support.AbstractAutowireCapableBeanFactory.createBean(AbstractAutowireCapableBeanFactory.java:516) ~[spring-beans-5.2.9.RELEASE.jar:5.2.9.RELEASE]
	at org.springframework.beans.factory.support.AbstractBeanFactory.lambda$doGetBean$0(AbstractBeanFactory.java:324) ~[spring-beans-5.2.9.RELEASE.jar:5.2.9.RELEASE]
	at org.springframework.beans.factory.support.DefaultSingletonBeanRegistry.getSingleton(DefaultSingletonBeanRegistry.java:234) ~[spring-beans-5.2.9.RELEASE.jar:5.2.9.RELEASE]
	at org.springframework.beans.factory.support.AbstractBeanFactory.doGetBean(AbstractBeanFactory.java:322) ~[spring-beans-5.2.9.RELEASE.jar:5.2.9.RELEASE]
	at org.springframework.beans.factory.support.AbstractBeanFactory.getBean(AbstractBeanFactory.java:202) ~[spring-beans-5.2.9.RELEASE.jar:5.2.9.RELEASE]
	at org.springframework.beans.factory.config.DependencyDescriptor.resolveCandidate(DependencyDescriptor.java:276) ~[spring-beans-5.2.9.RELEASE.jar:5.2.9.RELEASE]
	at org.springframework.beans.factory.support.DefaultListableBeanFactory.doResolveDependency(DefaultListableBeanFactory.java:1307) ~[spring-beans-5.2.9.RELEASE.jar:5.2.9.RELEASE]
	at org.springframework.beans.factory.support.DefaultListableBeanFactory.resolveDependency(DefaultListableBeanFactory.java:1227) ~[spring-beans-5.2.9.RELEASE.jar:5.2.9.RELEASE]
	at org.springframework.beans.factory.annotation.AutowiredAnnotationBeanPostProcessor$AutowiredFieldElement.inject(AutowiredAnnotationBeanPostProcessor.java:640) ~[spring-beans-5.2.9.RELEASE.jar:5.2.9.RELEASE]
	... 25 common frames omitted
Caused by: org.springframework.beans.factory.BeanCreationException: Error creating bean with name 'com.cg.ofd.feignproxy.CustomerServiceProxy': FactoryBean threw exception on object creation; nested exception is org.springframework.beans.factory.BeanCreationException: Error creating bean with name 'itemDao' defined in com.cg.ofd.dao.ItemDao defined in @EnableJpaRepositories declared on JpaRepositoriesRegistrar.EnableJpaRepositoriesConfiguration: Cannot resolve reference to bean 'jpaMappingContext' while setting bean property 'mappingContext'; nested exception is org.springframework.beans.factory.BeanCreationException: Error creating bean with name 'jpaMappingContext': Invocation of init method failed; nested exception is java.lang.IllegalStateException: Failed to asynchronously initialize native EntityManagerFactory: java.lang.NoClassDefFoundError: LList;
	at org.springframework.beans.factory.support.FactoryBeanRegistrySupport.doGetObjectFromFactoryBean(FactoryBeanRegistrySupport.java:176) ~[spring-beans-5.2.9.RELEASE.jar:5.2.9.RELEASE]
	at org.springframework.beans.factory.support.FactoryBeanRegistrySupport.getObjectFromFactoryBean(FactoryBeanRegistrySupport.java:101) ~[spring-beans-5.2.9.RELEASE.jar:5.2.9.RELEASE]
	at org.springframework.beans.factory.support.AbstractBeanFactory.getObjectForBeanInstance(AbstractBeanFactory.java:1828) ~[spring-beans-5.2.9.RELEASE.jar:5.2.9.RELEASE]
	at org.springframework.beans.factory.support.AbstractAutowireCapableBeanFactory.getObjectForBeanInstance(AbstractAutowireCapableBeanFactory.java:1265) ~[spring-beans-5.2.9.RELEASE.jar:5.2.9.RELEASE]
	at org.springframework.beans.factory.support.AbstractBeanFactory.doGetBean(AbstractBeanFactory.java:261) ~[spring-beans-5.2.9.RELEASE.jar:5.2.9.RELEASE]
	at org.springframework.beans.factory.support.AbstractBeanFactory.getBean(AbstractBeanFactory.java:202) ~[spring-beans-5.2.9.RELEASE.jar:5.2.9.RELEASE]
	at org.springframework.beans.factory.config.DependencyDescriptor.resolveCandidate(DependencyDescriptor.java:276) ~[spring-beans-5.2.9.RELEASE.jar:5.2.9.RELEASE]
	at org.springframework.beans.factory.support.DefaultListableBeanFactory.addCandidateEntry(DefaultListableBeanFactory.java:1532) ~[spring-beans-5.2.9.RELEASE.jar:5.2.9.RELEASE]
	at org.springframework.beans.factory.support.DefaultListableBeanFactory.findAutowireCandidates(DefaultListableBeanFactory.java:1489) ~[spring-beans-5.2.9.RELEASE.jar:5.2.9.RELEASE]
	at org.springframework.beans.factory.support.DefaultListableBeanFactory.doResolveDependency(DefaultListableBeanFactory.java:1270) ~[spring-beans-5.2.9.RELEASE.jar:5.2.9.RELEASE]
	at org.springframework.beans.factory.support.DefaultListableBeanFactory.resolveDependency(DefaultListableBeanFactory.java:1227) ~[spring-beans-5.2.9.RELEASE.jar:5.2.9.RELEASE]
	at org.springframework.beans.factory.annotation.AutowiredAnnotationBeanPostProcessor$AutowiredFieldElement.inject(AutowiredAnnotationBeanPostProcessor.java:640) ~[spring-beans-5.2.9.RELEASE.jar:5.2.9.RELEASE]
	... 38 common frames omitted
Caused by: org.springframework.beans.factory.BeanCreationException: Error creating bean with name 'itemDao' defined in com.cg.ofd.dao.ItemDao defined in @EnableJpaRepositories declared on JpaRepositoriesRegistrar.EnableJpaRepositoriesConfiguration: Cannot resolve reference to bean 'jpaMappingContext' while setting bean property 'mappingContext'; nested exception is org.springframework.beans.factory.BeanCreationException: Error creating bean with name 'jpaMappingContext': Invocation of init method failed; nested exception is java.lang.IllegalStateException: Failed to asynchronously initialize native EntityManagerFactory: java.lang.NoClassDefFoundError: LList;
	at org.springframework.beans.factory.support.BeanDefinitionValueResolver.resolveReference(BeanDefinitionValueResolver.java:342) ~[spring-beans-5.2.9.RELEASE.jar:5.2.9.RELEASE]
	at org.springframework.beans.factory.support.BeanDefinitionValueResolver.resolveValueIfNecessary(BeanDefinitionValueResolver.java:113) ~[spring-beans-5.2.9.RELEASE.jar:5.2.9.RELEASE]
	at org.springframework.beans.factory.support.AbstractAutowireCapableBeanFactory.applyPropertyValues(AbstractAutowireCapableBeanFactory.java:1697) ~[spring-beans-5.2.9.RELEASE.jar:5.2.9.RELEASE]
	at org.springframework.beans.factory.support.AbstractAutowireCapableBeanFactory.populateBean(AbstractAutowireCapableBeanFactory.java:1442) ~[spring-beans-5.2.9.RELEASE.jar:5.2.9.RELEASE]
	at org.springframework.beans.factory.support.AbstractAutowireCapableBeanFactory.doCreateBean(AbstractAutowireCapableBeanFactory.java:593) ~[spring-beans-5.2.9.RELEASE.jar:5.2.9.RELEASE]
	at org.springframework.beans.factory.support.AbstractAutowireCapableBeanFactory.createBean(AbstractAutowireCapableBeanFactory.java:516) ~[spring-beans-5.2.9.RELEASE.jar:5.2.9.RELEASE]
	at org.springframework.beans.factory.support.AbstractBeanFactory.lambda$doGetBean$0(AbstractBeanFactory.java:324) ~[spring-beans-5.2.9.RELEASE.jar:5.2.9.RELEASE]
	at org.springframework.beans.factory.support.DefaultSingletonBeanRegistry.getSingleton(DefaultSingletonBeanRegistry.java:234) ~[spring-beans-5.2.9.RELEASE.jar:5.2.9.RELEASE]
	at org.springframework.beans.factory.support.AbstractBeanFactory.doGetBean(AbstractBeanFactory.java:322) ~[spring-beans-5.2.9.RELEASE.jar:5.2.9.RELEASE]
	at org.springframework.beans.factory.support.AbstractBeanFactory.getBean(AbstractBeanFactory.java:202) ~[spring-beans-5.2.9.RELEASE.jar:5.2.9.RELEASE]
	at org.springframework.beans.factory.support.DefaultListableBeanFactory.getBeansOfType(DefaultListableBeanFactory.java:624) ~[spring-beans-5.2.9.RELEASE.jar:5.2.9.RELEASE]
	at org.springframework.beans.factory.support.DefaultListableBeanFactory.getBeansOfType(DefaultListableBeanFactory.java:612) ~[spring-beans-5.2.9.RELEASE.jar:5.2.9.RELEASE]
	at org.springframework.data.repository.config.DeferredRepositoryInitializationListener.onApplicationEvent(DeferredRepositoryInitializationListener.java:51) ~[spring-data-commons-2.3.4.RELEASE.jar:2.3.4.RELEASE]
	at org.springframework.data.repository.config.DeferredRepositoryInitializationListener.onApplicationEvent(DeferredRepositoryInitializationListener.java:36) ~[spring-data-commons-2.3.4.RELEASE.jar:2.3.4.RELEASE]
	at org.springframework.context.event.SimpleApplicationEventMulticaster.doInvokeListener(SimpleApplicationEventMulticaster.java:172) ~[spring-context-5.2.9.RELEASE.jar:5.2.9.RELEASE]
	at org.springframework.context.event.SimpleApplicationEventMulticaster.invokeListener(SimpleApplicationEventMulticaster.java:165) ~[spring-context-5.2.9.RELEASE.jar:5.2.9.RELEASE]
	at org.springframework.context.event.SimpleApplicationEventMulticaster.multicastEvent(SimpleApplicationEventMulticaster.java:139) ~[spring-context-5.2.9.RELEASE.jar:5.2.9.RELEASE]
	at org.springframework.context.support.AbstractApplicationContext.publishEvent(AbstractApplicationContext.java:404) ~[spring-context-5.2.9.RELEASE.jar:5.2.9.RELEASE]
	at org.springframework.context.support.AbstractApplicationContext.publishEvent(AbstractApplicationContext.java:410) ~[spring-context-5.2.9.RELEASE.jar:5.2.9.RELEASE]
	at org.springframework.context.support.AbstractApplicationContext.publishEvent(AbstractApplicationContext.java:361) ~[spring-context-5.2.9.RELEASE.jar:5.2.9.RELEASE]
	at org.springframework.context.support.AbstractApplicationContext.finishRefresh(AbstractApplicationContext.java:898) ~[spring-context-5.2.9.RELEASE.jar:5.2.9.RELEASE]
	at org.springframework.context.support.AbstractApplicationContext.refresh(AbstractApplicationContext.java:554) ~[spring-context-5.2.9.RELEASE.jar:5.2.9.RELEASE]
	at org.springframework.cloud.context.named.NamedContextFactory.createContext(NamedContextFactory.java:136) ~[spring-cloud-context-2.2.5.RELEASE.jar:2.2.5.RELEASE]
	at org.springframework.cloud.context.named.NamedContextFactory.getContext(NamedContextFactory.java:101) ~[spring-cloud-context-2.2.5.RELEASE.jar:2.2.5.RELEASE]
	at org.springframework.cloud.context.named.NamedContextFactory.getInstance(NamedContextFactory.java:145) ~[spring-cloud-context-2.2.5.RELEASE.jar:2.2.5.RELEASE]
	at org.springframework.cloud.openfeign.FeignClientFactoryBean.get(FeignClientFactoryBean.java:264) ~[spring-cloud-openfeign-core-2.2.5.RELEASE.jar:2.2.5.RELEASE]
	at org.springframework.cloud.openfeign.FeignClientFactoryBean.feign(FeignClientFactoryBean.java:97) ~[spring-cloud-openfeign-core-2.2.5.RELEASE.jar:2.2.5.RELEASE]
	at org.springframework.cloud.openfeign.FeignClientFactoryBean.getTarget(FeignClientFactoryBean.java:320) ~[spring-cloud-openfeign-core-2.2.5.RELEASE.jar:2.2.5.RELEASE]
	at org.springframework.cloud.openfeign.FeignClientFactoryBean.getObject(FeignClientFactoryBean.java:310) ~[spring-cloud-openfeign-core-2.2.5.RELEASE.jar:2.2.5.RELEASE]
	at org.springframework.beans.factory.support.FactoryBeanRegistrySupport.doGetObjectFromFactoryBean(FactoryBeanRegistrySupport.java:169) ~[spring-beans-5.2.9.RELEASE.jar:5.2.9.RELEASE]
	... 49 common frames omitted
Caused by: org.springframework.beans.factory.BeanCreationException: Error creating bean with name 'jpaMappingContext': Invocation of init method failed; nested exception is java.lang.IllegalStateException: Failed to asynchronously initialize native EntityManagerFactory: java.lang.NoClassDefFoundError: LList;
	at org.springframework.beans.factory.support.AbstractAutowireCapableBeanFactory.initializeBean(AbstractAutowireCapableBeanFactory.java:1794) ~[spring-beans-5.2.9.RELEASE.jar:5.2.9.RELEASE]
	at org.springframework.beans.factory.support.AbstractAutowireCapableBeanFactory.doCreateBean(AbstractAutowireCapableBeanFactory.java:594) ~[spring-beans-5.2.9.RELEASE.jar:5.2.9.RELEASE]
	at org.springframework.beans.factory.support.AbstractAutowireCapableBeanFactory.createBean(AbstractAutowireCapableBeanFactory.java:516) ~[spring-beans-5.2.9.RELEASE.jar:5.2.9.RELEASE]
	at org.springframework.beans.factory.support.AbstractBeanFactory.lambda$doGetBean$0(AbstractBeanFactory.java:324) ~[spring-beans-5.2.9.RELEASE.jar:5.2.9.RELEASE]
	at org.springframework.beans.factory.support.DefaultSingletonBeanRegistry.getSingleton(DefaultSingletonBeanRegistry.java:234) ~[spring-beans-5.2.9.RELEASE.jar:5.2.9.RELEASE]
	at org.springframework.beans.factory.support.AbstractBeanFactory.doGetBean(AbstractBeanFactory.java:322) ~[spring-beans-5.2.9.RELEASE.jar:5.2.9.RELEASE]
	at org.springframework.beans.factory.support.AbstractBeanFactory.getBean(AbstractBeanFactory.java:202) ~[spring-beans-5.2.9.RELEASE.jar:5.2.9.RELEASE]
	at org.springframework.beans.factory.support.BeanDefinitionValueResolver.resolveReference(BeanDefinitionValueResolver.java:330) ~[spring-beans-5.2.9.RELEASE.jar:5.2.9.RELEASE]
	... 78 common frames omitted
Caused by: java.lang.IllegalStateException: Failed to asynchronously initialize native EntityManagerFactory: java.lang.NoClassDefFoundError: LList;
	at org.springframework.orm.jpa.AbstractEntityManagerFactoryBean.getNativeEntityManagerFactory(AbstractEntityManagerFactoryBean.java:553) ~[spring-orm-5.2.9.RELEASE.jar:5.2.9.RELEASE]
	at org.springframework.orm.jpa.AbstractEntityManagerFactoryBean.invokeProxyMethod(AbstractEntityManagerFactoryBean.java:497) ~[spring-orm-5.2.9.RELEASE.jar:5.2.9.RELEASE]
	at org.springframework.orm.jpa.AbstractEntityManagerFactoryBean$ManagedEntityManagerFactoryInvocationHandler.invoke(AbstractEntityManagerFactoryBean.java:680) ~[spring-orm-5.2.9.RELEASE.jar:5.2.9.RELEASE]
	at com.sun.proxy.$Proxy220.getMetamodel(Unknown Source) ~[na:na]
	at java.util.stream.ReferencePipeline$3$1.accept(ReferencePipeline.java:193) ~[na:1.8.0_201]
	at java.util.Iterator.forEachRemaining(Iterator.java:116) ~[na:1.8.0_201]
	at java.util.Spliterators$IteratorSpliterator.forEachRemaining(Spliterators.java:1801) ~[na:1.8.0_201]
	at java.util.stream.AbstractPipeline.copyInto(AbstractPipeline.java:481) ~[na:1.8.0_201]
	at java.util.stream.AbstractPipeline.wrapAndCopyInto(AbstractPipeline.java:471) ~[na:1.8.0_201]
	at java.util.stream.ReduceOps$ReduceOp.evaluateSequential(ReduceOps.java:708) ~[na:1.8.0_201]
	at java.util.stream.AbstractPipeline.evaluate(AbstractPipeline.java:234) ~[na:1.8.0_201]
	at java.util.stream.ReferencePipeline.collect(ReferencePipeline.java:499) ~[na:1.8.0_201]
	at org.springframework.data.jpa.repository.config.JpaMetamodelMappingContextFactoryBean.getMetamodels(JpaMetamodelMappingContextFactoryBean.java:106) ~[spring-data-jpa-2.3.4.RELEASE.jar:2.3.4.RELEASE]
	at org.springframework.data.jpa.repository.config.JpaMetamodelMappingContextFactoryBean.createInstance(JpaMetamodelMappingContextFactoryBean.java:80) ~[spring-data-jpa-2.3.4.RELEASE.jar:2.3.4.RELEASE]
	at org.springframework.data.jpa.repository.config.JpaMetamodelMappingContextFactoryBean.createInstance(JpaMetamodelMappingContextFactoryBean.java:44) ~[spring-data-jpa-2.3.4.RELEASE.jar:2.3.4.RELEASE]
	at org.springframework.beans.factory.config.AbstractFactoryBean.afterPropertiesSet(AbstractFactoryBean.java:142) ~[spring-beans-5.2.9.RELEASE.jar:5.2.9.RELEASE]
	at org.springframework.beans.factory.support.AbstractAutowireCapableBeanFactory.invokeInitMethods(AbstractAutowireCapableBeanFactory.java:1853) ~[spring-beans-5.2.9.RELEASE.jar:5.2.9.RELEASE]
	at org.springframework.beans.factory.support.AbstractAutowireCapableBeanFactory.initializeBean(AbstractAutowireCapableBeanFactory.java:1790) ~[spring-beans-5.2.9.RELEASE.jar:5.2.9.RELEASE]
	... 85 common frames omitted
Caused by: java.lang.NoClassDefFoundError: LList;
	at java.lang.Class.getDeclaredFields0(Native Method) ~[na:1.8.0_201]
	at java.lang.Class.privateGetDeclaredFields(Class.java:2583) ~[na:1.8.0_201]
	at java.lang.Class.getDeclaredFields(Class.java:1916) ~[na:1.8.0_201]
	at org.hibernate.annotations.common.reflection.java.JavaXClass.getDeclaredFieldProperties(JavaXClass.java:85) ~[hibernate-commons-annotations-5.1.0.Final.jar:5.1.0.Final]
	at org.hibernate.annotations.common.reflection.java.JavaXClass.getDeclaredProperties(JavaXClass.java:109) ~[hibernate-commons-annotations-5.1.0.Final.jar:5.1.0.Final]
	at org.hibernate.annotations.common.reflection.java.JavaXClass.getDeclaredProperties(JavaXClass.java:104) ~[hibernate-commons-annotations-5.1.0.Final.jar:5.1.0.Final]
	at org.hibernate.cfg.InheritanceState.determineDefaultAccessType(InheritanceState.java:258) ~[hibernate-core-5.4.21.Final.jar:5.4.21.Final]
	at org.hibernate.cfg.InheritanceState.getElementsToProcess(InheritanceState.java:211) ~[hibernate-core-5.4.21.Final.jar:5.4.21.Final]
	at org.hibernate.cfg.AnnotationBinder.bindClass(AnnotationBinder.java:779) ~[hibernate-core-5.4.21.Final.jar:5.4.21.Final]
	at org.hibernate.boot.model.source.internal.annotations.AnnotationMetadataSourceProcessorImpl.processEntityHierarchies(AnnotationMetadataSourceProcessorImpl.java:254) ~[hibernate-core-5.4.21.Final.jar:5.4.21.Final]
	at org.hibernate.boot.model.process.spi.MetadataBuildingProcess$1.processEntityHierarchies(MetadataBuildingProcess.java:230) ~[hibernate-core-5.4.21.Final.jar:5.4.21.Final]
	at org.hibernate.boot.model.process.spi.MetadataBuildingProcess.complete(MetadataBuildingProcess.java:273) ~[hibernate-core-5.4.21.Final.jar:5.4.21.Final]
	at org.hibernate.jpa.boot.internal.EntityManagerFactoryBuilderImpl.metadata(EntityManagerFactoryBuilderImpl.java:1224) ~[hibernate-core-5.4.21.Final.jar:5.4.21.Final]
	at org.hibernate.jpa.boot.internal.EntityManagerFactoryBuilderImpl.build(EntityManagerFactoryBuilderImpl.java:1255) ~[hibernate-core-5.4.21.Final.jar:5.4.21.Final]
	at org.springframework.orm.jpa.vendor.SpringHibernateJpaPersistenceProvider.createContainerEntityManagerFactory(SpringHibernateJpaPersistenceProvider.java:58) ~[spring-orm-5.2.9.RELEASE.jar:5.2.9.RELEASE]
	at org.springframework.orm.jpa.LocalContainerEntityManagerFactoryBean.createNativeEntityManagerFactory(LocalContainerEntityManagerFactoryBean.java:365) ~[spring-orm-5.2.9.RELEASE.jar:5.2.9.RELEASE]
	at org.springframework.orm.jpa.AbstractEntityManagerFactoryBean.buildNativeEntityManagerFactory(AbstractEntityManagerFactoryBean.java:391) ~[spring-orm-5.2.9.RELEASE.jar:5.2.9.RELEASE]
	at java.util.concurrent.FutureTask.run(FutureTask.java:266) ~[na:1.8.0_201]
	at java.util.concurrent.ThreadPoolExecutor.runWorker(ThreadPoolExecutor.java:1149) ~[na:1.8.0_201]
	at java.util.concurrent.ThreadPoolExecutor$Worker.run(ThreadPoolExecutor.java:624) ~[na:1.8.0_201]
	at java.lang.Thread.run(Thread.java:748) ~[na:1.8.0_201]
Caused by: java.lang.ClassNotFoundException: List
	at java.net.URLClassLoader.findClass(URLClassLoader.java:382) ~[na:1.8.0_201]
	at java.lang.ClassLoader.loadClass(ClassLoader.java:424) ~[na:1.8.0_201]
	at sun.misc.Launcher$AppClassLoader.loadClass(Launcher.java:349) ~[na:1.8.0_201]
	at java.lang.ClassLoader.loadClass(ClassLoader.java:357) ~[na:1.8.0_201]
	at java.lang.Class.forName0(Native Method) ~[na:1.8.0_201]
	at java.lang.Class.forName(Class.java:348) ~[na:1.8.0_201]
	at org.springframework.boot.devtools.restart.classloader.RestartClassLoader.loadClass(RestartClassLoader.java:144) ~[spring-boot-devtools-2.3.4.RELEASE.jar:2.3.4.RELEASE]
	at java.lang.ClassLoader.loadClass(ClassLoader.java:357) ~[na:1.8.0_201]
	... 21 common frames omitted

2020-11-05 17:49:15.096  INFO 45768 --- [restartedMain] c.cg.ofd.OrderDetailsServiceApplication  : No active profile set, falling back to default profiles: default
2020-11-05 17:49:18.912  WARN 45768 --- [restartedMain] JpaBaseConfiguration$JpaWebConfiguration : spring.jpa.open-in-view is enabled by default. Therefore, database queries may be performed during view rendering. Explicitly configure spring.jpa.open-in-view to disable this warning
2020-11-05 17:49:18.994  WARN 45768 --- [restartedMain] o.s.b.d.a.OptionalLiveReloadServer       : Unable to start LiveReload server
2020-11-05 17:49:19.288  WARN 45768 --- [restartedMain] s.c.a.AnnotationConfigApplicationContext : Exception encountered during context initialization - cancelling refresh attempt: org.springframework.beans.factory.BeanCreationException: Error creating bean with name 'foodCartDao' defined in com.cg.ofd.dao.FoodCartDao defined in @EnableJpaRepositories declared on JpaRepositoriesRegistrar.EnableJpaRepositoriesConfiguration: Cannot resolve reference to bean 'jpaMappingContext' while setting bean property 'mappingContext'; nested exception is org.springframework.beans.factory.BeanCreationException: Error creating bean with name 'jpaMappingContext': Invocation of init method failed; nested exception is javax.persistence.PersistenceException: [PersistenceUnit: default] Unable to build Hibernate SessionFactory; nested exception is org.hibernate.loader.MultipleBagFetchException: cannot simultaneously fetch multiple bags: [com.cg.ofd.bean.FoodCart.itemList, com.cg.ofd.bean.Customer.address]
2020-11-05 17:49:19.290  WARN 45768 --- [restartedMain] ConfigServletWebServerApplicationContext : Exception encountered during context initialization - cancelling refresh attempt: org.springframework.beans.factory.UnsatisfiedDependencyException: Error creating bean with name 'foodCartController': Unsatisfied dependency expressed through field 'foodCartservice'; nested exception is org.springframework.beans.factory.UnsatisfiedDependencyException: Error creating bean with name 'foodCartServiceImpl': Unsatisfied dependency expressed through field 'cProxy'; nested exception is org.springframework.beans.factory.BeanCreationException: Error creating bean with name 'com.cg.ofd.feignproxy.CustomerServiceProxy': FactoryBean threw exception on object creation; nested exception is org.springframework.beans.factory.BeanCreationException: Error creating bean with name 'foodCartDao' defined in com.cg.ofd.dao.FoodCartDao defined in @EnableJpaRepositories declared on JpaRepositoriesRegistrar.EnableJpaRepositoriesConfiguration: Cannot resolve reference to bean 'jpaMappingContext' while setting bean property 'mappingContext'; nested exception is org.springframework.beans.factory.BeanCreationException: Error creating bean with name 'jpaMappingContext': Invocation of init method failed; nested exception is javax.persistence.PersistenceException: [PersistenceUnit: default] Unable to build Hibernate SessionFactory; nested exception is org.hibernate.loader.MultipleBagFetchException: cannot simultaneously fetch multiple bags: [com.cg.ofd.bean.FoodCart.itemList, com.cg.ofd.bean.Customer.address]
2020-11-05 17:49:19.291  WARN 45768 --- [restartedMain] o.s.b.f.support.DisposableBeanAdapter    : Invocation of destroy method failed on bean with name 'entityManagerFactory': javax.persistence.PersistenceException: [PersistenceUnit: default] Unable to build Hibernate SessionFactory; nested exception is org.hibernate.loader.MultipleBagFetchException: cannot simultaneously fetch multiple bags: [com.cg.ofd.bean.FoodCart.itemList, com.cg.ofd.bean.Customer.address]
2020-11-05 17:49:19.373 ERROR 45768 --- [restartedMain] o.s.boot.SpringApplication               : Application run failed

org.springframework.beans.factory.UnsatisfiedDependencyException: Error creating bean with name 'foodCartController': Unsatisfied dependency expressed through field 'foodCartservice'; nested exception is org.springframework.beans.factory.UnsatisfiedDependencyException: Error creating bean with name 'foodCartServiceImpl': Unsatisfied dependency expressed through field 'cProxy'; nested exception is org.springframework.beans.factory.BeanCreationException: Error creating bean with name 'com.cg.ofd.feignproxy.CustomerServiceProxy': FactoryBean threw exception on object creation; nested exception is org.springframework.beans.factory.BeanCreationException: Error creating bean with name 'foodCartDao' defined in com.cg.ofd.dao.FoodCartDao defined in @EnableJpaRepositories declared on JpaRepositoriesRegistrar.EnableJpaRepositoriesConfiguration: Cannot resolve reference to bean 'jpaMappingContext' while setting bean property 'mappingContext'; nested exception is org.springframework.beans.factory.BeanCreationException: Error creating bean with name 'jpaMappingContext': Invocation of init method failed; nested exception is javax.persistence.PersistenceException: [PersistenceUnit: default] Unable to build Hibernate SessionFactory; nested exception is org.hibernate.loader.MultipleBagFetchException: cannot simultaneously fetch multiple bags: [com.cg.ofd.bean.FoodCart.itemList, com.cg.ofd.bean.Customer.address]
	at org.springframework.beans.factory.annotation.AutowiredAnnotationBeanPostProcessor$AutowiredFieldElement.inject(AutowiredAnnotationBeanPostProcessor.java:643) ~[spring-beans-5.2.9.RELEASE.jar:5.2.9.RELEASE]
	at org.springframework.beans.factory.annotation.InjectionMetadata.inject(InjectionMetadata.java:130) ~[spring-beans-5.2.9.RELEASE.jar:5.2.9.RELEASE]
	at org.springframework.beans.factory.annotation.AutowiredAnnotationBeanPostProcessor.postProcessProperties(AutowiredAnnotationBeanPostProcessor.java:399) ~[spring-beans-5.2.9.RELEASE.jar:5.2.9.RELEASE]
	at org.springframework.beans.factory.support.AbstractAutowireCapableBeanFactory.populateBean(AbstractAutowireCapableBeanFactory.java:1420) ~[spring-beans-5.2.9.RELEASE.jar:5.2.9.RELEASE]
	at org.springframework.beans.factory.support.AbstractAutowireCapableBeanFactory.doCreateBean(AbstractAutowireCapableBeanFactory.java:593) ~[spring-beans-5.2.9.RELEASE.jar:5.2.9.RELEASE]
	at org.springframework.beans.factory.support.AbstractAutowireCapableBeanFactory.createBean(AbstractAutowireCapableBeanFactory.java:516) ~[spring-beans-5.2.9.RELEASE.jar:5.2.9.RELEASE]
	at org.springframework.beans.factory.support.AbstractBeanFactory.lambda$doGetBean$0(AbstractBeanFactory.java:324) ~[spring-beans-5.2.9.RELEASE.jar:5.2.9.RELEASE]
	at org.springframework.beans.factory.support.DefaultSingletonBeanRegistry.getSingleton(DefaultSingletonBeanRegistry.java:234) ~[spring-beans-5.2.9.RELEASE.jar:5.2.9.RELEASE]
	at org.springframework.beans.factory.support.AbstractBeanFactory.doGetBean(AbstractBeanFactory.java:322) ~[spring-beans-5.2.9.RELEASE.jar:5.2.9.RELEASE]
	at org.springframework.beans.factory.support.AbstractBeanFactory.getBean(AbstractBeanFactory.java:202) ~[spring-beans-5.2.9.RELEASE.jar:5.2.9.RELEASE]
	at org.springframework.beans.factory.support.DefaultListableBeanFactory.preInstantiateSingletons(DefaultListableBeanFactory.java:897) ~[spring-beans-5.2.9.RELEASE.jar:5.2.9.RELEASE]
	at org.springframework.context.support.AbstractApplicationContext.finishBeanFactoryInitialization(AbstractApplicationContext.java:879) ~[spring-context-5.2.9.RELEASE.jar:5.2.9.RELEASE]
	at org.springframework.context.support.AbstractApplicationContext.refresh(AbstractApplicationContext.java:551) ~[spring-context-5.2.9.RELEASE.jar:5.2.9.RELEASE]
	at org.springframework.boot.web.servlet.context.ServletWebServerApplicationContext.refresh(ServletWebServerApplicationContext.java:143) ~[spring-boot-2.3.4.RELEASE.jar:2.3.4.RELEASE]
	at org.springframework.boot.SpringApplication.refresh(SpringApplication.java:758) [spring-boot-2.3.4.RELEASE.jar:2.3.4.RELEASE]
	at org.springframework.boot.SpringApplication.refresh(SpringApplication.java:750) [spring-boot-2.3.4.RELEASE.jar:2.3.4.RELEASE]
	at org.springframework.boot.SpringApplication.refreshContext(SpringApplication.java:397) [spring-boot-2.3.4.RELEASE.jar:2.3.4.RELEASE]
	at org.springframework.boot.SpringApplication.run(SpringApplication.java:315) [spring-boot-2.3.4.RELEASE.jar:2.3.4.RELEASE]
	at org.springframework.boot.SpringApplication.run(SpringApplication.java:1237) [spring-boot-2.3.4.RELEASE.jar:2.3.4.RELEASE]
	at org.springframework.boot.SpringApplication.run(SpringApplication.java:1226) [spring-boot-2.3.4.RELEASE.jar:2.3.4.RELEASE]
	at com.cg.ofd.OrderDetailsServiceApplication.main(OrderDetailsServiceApplication.java:32) [classes/:na]
	at sun.reflect.NativeMethodAccessorImpl.invoke0(Native Method) ~[na:1.8.0_201]
	at sun.reflect.NativeMethodAccessorImpl.invoke(NativeMethodAccessorImpl.java:62) ~[na:1.8.0_201]
	at sun.reflect.DelegatingMethodAccessorImpl.invoke(DelegatingMethodAccessorImpl.java:43) ~[na:1.8.0_201]
	at java.lang.reflect.Method.invoke(Method.java:498) ~[na:1.8.0_201]
	at org.springframework.boot.devtools.restart.RestartLauncher.run(RestartLauncher.java:49) [spring-boot-devtools-2.3.4.RELEASE.jar:2.3.4.RELEASE]
Caused by: org.springframework.beans.factory.UnsatisfiedDependencyException: Error creating bean with name 'foodCartServiceImpl': Unsatisfied dependency expressed through field 'cProxy'; nested exception is org.springframework.beans.factory.BeanCreationException: Error creating bean with name 'com.cg.ofd.feignproxy.CustomerServiceProxy': FactoryBean threw exception on object creation; nested exception is org.springframework.beans.factory.BeanCreationException: Error creating bean with name 'foodCartDao' defined in com.cg.ofd.dao.FoodCartDao defined in @EnableJpaRepositories declared on JpaRepositoriesRegistrar.EnableJpaRepositoriesConfiguration: Cannot resolve reference to bean 'jpaMappingContext' while setting bean property 'mappingContext'; nested exception is org.springframework.beans.factory.BeanCreationException: Error creating bean with name 'jpaMappingContext': Invocation of init method failed; nested exception is javax.persistence.PersistenceException: [PersistenceUnit: default] Unable to build Hibernate SessionFactory; nested exception is org.hibernate.loader.MultipleBagFetchException: cannot simultaneously fetch multiple bags: [com.cg.ofd.bean.FoodCart.itemList, com.cg.ofd.bean.Customer.address]
	at org.springframework.beans.factory.annotation.AutowiredAnnotationBeanPostProcessor$AutowiredFieldElement.inject(AutowiredAnnotationBeanPostProcessor.java:643) ~[spring-beans-5.2.9.RELEASE.jar:5.2.9.RELEASE]
	at org.springframework.beans.factory.annotation.InjectionMetadata.inject(InjectionMetadata.java:130) ~[spring-beans-5.2.9.RELEASE.jar:5.2.9.RELEASE]
	at org.springframework.beans.factory.annotation.AutowiredAnnotationBeanPostProcessor.postProcessProperties(AutowiredAnnotationBeanPostProcessor.java:399) ~[spring-beans-5.2.9.RELEASE.jar:5.2.9.RELEASE]
	at org.springframework.beans.factory.support.AbstractAutowireCapableBeanFactory.populateBean(AbstractAutowireCapableBeanFactory.java:1420) ~[spring-beans-5.2.9.RELEASE.jar:5.2.9.RELEASE]
	at org.springframework.beans.factory.support.AbstractAutowireCapableBeanFactory.doCreateBean(AbstractAutowireCapableBeanFactory.java:593) ~[spring-beans-5.2.9.RELEASE.jar:5.2.9.RELEASE]
	at org.springframework.beans.factory.support.AbstractAutowireCapableBeanFactory.createBean(AbstractAutowireCapableBeanFactory.java:516) ~[spring-beans-5.2.9.RELEASE.jar:5.2.9.RELEASE]
	at org.springframework.beans.factory.support.AbstractBeanFactory.lambda$doGetBean$0(AbstractBeanFactory.java:324) ~[spring-beans-5.2.9.RELEASE.jar:5.2.9.RELEASE]
	at org.springframework.beans.factory.support.DefaultSingletonBeanRegistry.getSingleton(DefaultSingletonBeanRegistry.java:234) ~[spring-beans-5.2.9.RELEASE.jar:5.2.9.RELEASE]
	at org.springframework.beans.factory.support.AbstractBeanFactory.doGetBean(AbstractBeanFactory.java:322) ~[spring-beans-5.2.9.RELEASE.jar:5.2.9.RELEASE]
	at org.springframework.beans.factory.support.AbstractBeanFactory.getBean(AbstractBeanFactory.java:202) ~[spring-beans-5.2.9.RELEASE.jar:5.2.9.RELEASE]
	at org.springframework.beans.factory.config.DependencyDescriptor.resolveCandidate(DependencyDescriptor.java:276) ~[spring-beans-5.2.9.RELEASE.jar:5.2.9.RELEASE]
	at org.springframework.beans.factory.support.DefaultListableBeanFactory.doResolveDependency(DefaultListableBeanFactory.java:1307) ~[spring-beans-5.2.9.RELEASE.jar:5.2.9.RELEASE]
	at org.springframework.beans.factory.support.DefaultListableBeanFactory.resolveDependency(DefaultListableBeanFactory.java:1227) ~[spring-beans-5.2.9.RELEASE.jar:5.2.9.RELEASE]
	at org.springframework.beans.factory.annotation.AutowiredAnnotationBeanPostProcessor$AutowiredFieldElement.inject(AutowiredAnnotationBeanPostProcessor.java:640) ~[spring-beans-5.2.9.RELEASE.jar:5.2.9.RELEASE]
	... 25 common frames omitted
Caused by: org.springframework.beans.factory.BeanCreationException: Error creating bean with name 'com.cg.ofd.feignproxy.CustomerServiceProxy': FactoryBean threw exception on object creation; nested exception is org.springframework.beans.factory.BeanCreationException: Error creating bean with name 'foodCartDao' defined in com.cg.ofd.dao.FoodCartDao defined in @EnableJpaRepositories declared on JpaRepositoriesRegistrar.EnableJpaRepositoriesConfiguration: Cannot resolve reference to bean 'jpaMappingContext' while setting bean property 'mappingContext'; nested exception is org.springframework.beans.factory.BeanCreationException: Error creating bean with name 'jpaMappingContext': Invocation of init method failed; nested exception is javax.persistence.PersistenceException: [PersistenceUnit: default] Unable to build Hibernate SessionFactory; nested exception is org.hibernate.loader.MultipleBagFetchException: cannot simultaneously fetch multiple bags: [com.cg.ofd.bean.FoodCart.itemList, com.cg.ofd.bean.Customer.address]
	at org.springframework.beans.factory.support.FactoryBeanRegistrySupport.doGetObjectFromFactoryBean(FactoryBeanRegistrySupport.java:176) ~[spring-beans-5.2.9.RELEASE.jar:5.2.9.RELEASE]
	at org.springframework.beans.factory.support.FactoryBeanRegistrySupport.getObjectFromFactoryBean(FactoryBeanRegistrySupport.java:101) ~[spring-beans-5.2.9.RELEASE.jar:5.2.9.RELEASE]
	at org.springframework.beans.factory.support.AbstractBeanFactory.getObjectForBeanInstance(AbstractBeanFactory.java:1828) ~[spring-beans-5.2.9.RELEASE.jar:5.2.9.RELEASE]
	at org.springframework.beans.factory.support.AbstractAutowireCapableBeanFactory.getObjectForBeanInstance(AbstractAutowireCapableBeanFactory.java:1265) ~[spring-beans-5.2.9.RELEASE.jar:5.2.9.RELEASE]
	at org.springframework.beans.factory.support.AbstractBeanFactory.doGetBean(AbstractBeanFactory.java:261) ~[spring-beans-5.2.9.RELEASE.jar:5.2.9.RELEASE]
	at org.springframework.beans.factory.support.AbstractBeanFactory.getBean(AbstractBeanFactory.java:202) ~[spring-beans-5.2.9.RELEASE.jar:5.2.9.RELEASE]
	at org.springframework.beans.factory.config.DependencyDescriptor.resolveCandidate(DependencyDescriptor.java:276) ~[spring-beans-5.2.9.RELEASE.jar:5.2.9.RELEASE]
	at org.springframework.beans.factory.support.DefaultListableBeanFactory.addCandidateEntry(DefaultListableBeanFactory.java:1532) ~[spring-beans-5.2.9.RELEASE.jar:5.2.9.RELEASE]
	at org.springframework.beans.factory.support.DefaultListableBeanFactory.findAutowireCandidates(DefaultListableBeanFactory.java:1489) ~[spring-beans-5.2.9.RELEASE.jar:5.2.9.RELEASE]
	at org.springframework.beans.factory.support.DefaultListableBeanFactory.doResolveDependency(DefaultListableBeanFactory.java:1270) ~[spring-beans-5.2.9.RELEASE.jar:5.2.9.RELEASE]
	at org.springframework.beans.factory.support.DefaultListableBeanFactory.resolveDependency(DefaultListableBeanFactory.java:1227) ~[spring-beans-5.2.9.RELEASE.jar:5.2.9.RELEASE]
	at org.springframework.beans.factory.annotation.AutowiredAnnotationBeanPostProcessor$AutowiredFieldElement.inject(AutowiredAnnotationBeanPostProcessor.java:640) ~[spring-beans-5.2.9.RELEASE.jar:5.2.9.RELEASE]
	... 38 common frames omitted
Caused by: org.springframework.beans.factory.BeanCreationException: Error creating bean with name 'foodCartDao' defined in com.cg.ofd.dao.FoodCartDao defined in @EnableJpaRepositories declared on JpaRepositoriesRegistrar.EnableJpaRepositoriesConfiguration: Cannot resolve reference to bean 'jpaMappingContext' while setting bean property 'mappingContext'; nested exception is org.springframework.beans.factory.BeanCreationException: Error creating bean with name 'jpaMappingContext': Invocation of init method failed; nested exception is javax.persistence.PersistenceException: [PersistenceUnit: default] Unable to build Hibernate SessionFactory; nested exception is org.hibernate.loader.MultipleBagFetchException: cannot simultaneously fetch multiple bags: [com.cg.ofd.bean.FoodCart.itemList, com.cg.ofd.bean.Customer.address]
	at org.springframework.beans.factory.support.BeanDefinitionValueResolver.resolveReference(BeanDefinitionValueResolver.java:342) ~[spring-beans-5.2.9.RELEASE.jar:5.2.9.RELEASE]
	at org.springframework.beans.factory.support.BeanDefinitionValueResolver.resolveValueIfNecessary(BeanDefinitionValueResolver.java:113) ~[spring-beans-5.2.9.RELEASE.jar:5.2.9.RELEASE]
	at org.springframework.beans.factory.support.AbstractAutowireCapableBeanFactory.applyPropertyValues(AbstractAutowireCapableBeanFactory.java:1697) ~[spring-beans-5.2.9.RELEASE.jar:5.2.9.RELEASE]
	at org.springframework.beans.factory.support.AbstractAutowireCapableBeanFactory.populateBean(AbstractAutowireCapableBeanFactory.java:1442) ~[spring-beans-5.2.9.RELEASE.jar:5.2.9.RELEASE]
	at org.springframework.beans.factory.support.AbstractAutowireCapableBeanFactory.doCreateBean(AbstractAutowireCapableBeanFactory.java:593) ~[spring-beans-5.2.9.RELEASE.jar:5.2.9.RELEASE]
	at org.springframework.beans.factory.support.AbstractAutowireCapableBeanFactory.createBean(AbstractAutowireCapableBeanFactory.java:516) ~[spring-beans-5.2.9.RELEASE.jar:5.2.9.RELEASE]
	at org.springframework.beans.factory.support.AbstractBeanFactory.lambda$doGetBean$0(AbstractBeanFactory.java:324) ~[spring-beans-5.2.9.RELEASE.jar:5.2.9.RELEASE]
	at org.springframework.beans.factory.support.DefaultSingletonBeanRegistry.getSingleton(DefaultSingletonBeanRegistry.java:234) ~[spring-beans-5.2.9.RELEASE.jar:5.2.9.RELEASE]
	at org.springframework.beans.factory.support.AbstractBeanFactory.doGetBean(AbstractBeanFactory.java:322) ~[spring-beans-5.2.9.RELEASE.jar:5.2.9.RELEASE]
	at org.springframework.beans.factory.support.AbstractBeanFactory.getBean(AbstractBeanFactory.java:202) ~[spring-beans-5.2.9.RELEASE.jar:5.2.9.RELEASE]
	at org.springframework.beans.factory.support.DefaultListableBeanFactory.getBeansOfType(DefaultListableBeanFactory.java:624) ~[spring-beans-5.2.9.RELEASE.jar:5.2.9.RELEASE]
	at org.springframework.beans.factory.support.DefaultListableBeanFactory.getBeansOfType(DefaultListableBeanFactory.java:612) ~[spring-beans-5.2.9.RELEASE.jar:5.2.9.RELEASE]
	at org.springframework.data.repository.config.DeferredRepositoryInitializationListener.onApplicationEvent(DeferredRepositoryInitializationListener.java:51) ~[spring-data-commons-2.3.4.RELEASE.jar:2.3.4.RELEASE]
	at org.springframework.data.repository.config.DeferredRepositoryInitializationListener.onApplicationEvent(DeferredRepositoryInitializationListener.java:36) ~[spring-data-commons-2.3.4.RELEASE.jar:2.3.4.RELEASE]
	at org.springframework.context.event.SimpleApplicationEventMulticaster.doInvokeListener(SimpleApplicationEventMulticaster.java:172) ~[spring-context-5.2.9.RELEASE.jar:5.2.9.RELEASE]
	at org.springframework.context.event.SimpleApplicationEventMulticaster.invokeListener(SimpleApplicationEventMulticaster.java:165) ~[spring-context-5.2.9.RELEASE.jar:5.2.9.RELEASE]
	at org.springframework.context.event.SimpleApplicationEventMulticaster.multicastEvent(SimpleApplicationEventMulticaster.java:139) ~[spring-context-5.2.9.RELEASE.jar:5.2.9.RELEASE]
	at org.springframework.context.support.AbstractApplicationContext.publishEvent(AbstractApplicationContext.java:404) ~[spring-context-5.2.9.RELEASE.jar:5.2.9.RELEASE]
	at org.springframework.context.support.AbstractApplicationContext.publishEvent(AbstractApplicationContext.java:410) ~[spring-context-5.2.9.RELEASE.jar:5.2.9.RELEASE]
	at org.springframework.context.support.AbstractApplicationContext.publishEvent(AbstractApplicationContext.java:361) ~[spring-context-5.2.9.RELEASE.jar:5.2.9.RELEASE]
	at org.springframework.context.support.AbstractApplicationContext.finishRefresh(AbstractApplicationContext.java:898) ~[spring-context-5.2.9.RELEASE.jar:5.2.9.RELEASE]
	at org.springframework.context.support.AbstractApplicationContext.refresh(AbstractApplicationContext.java:554) ~[spring-context-5.2.9.RELEASE.jar:5.2.9.RELEASE]
	at org.springframework.cloud.context.named.NamedContextFactory.createContext(NamedContextFactory.java:136) ~[spring-cloud-context-2.2.5.RELEASE.jar:2.2.5.RELEASE]
	at org.springframework.cloud.context.named.NamedContextFactory.getContext(NamedContextFactory.java:101) ~[spring-cloud-context-2.2.5.RELEASE.jar:2.2.5.RELEASE]
	at org.springframework.cloud.context.named.NamedContextFactory.getInstance(NamedContextFactory.java:145) ~[spring-cloud-context-2.2.5.RELEASE.jar:2.2.5.RELEASE]
	at org.springframework.cloud.openfeign.FeignClientFactoryBean.get(FeignClientFactoryBean.java:264) ~[spring-cloud-openfeign-core-2.2.5.RELEASE.jar:2.2.5.RELEASE]
	at org.springframework.cloud.openfeign.FeignClientFactoryBean.feign(FeignClientFactoryBean.java:97) ~[spring-cloud-openfeign-core-2.2.5.RELEASE.jar:2.2.5.RELEASE]
	at org.springframework.cloud.openfeign.FeignClientFactoryBean.getTarget(FeignClientFactoryBean.java:320) ~[spring-cloud-openfeign-core-2.2.5.RELEASE.jar:2.2.5.RELEASE]
	at org.springframework.cloud.openfeign.FeignClientFactoryBean.getObject(FeignClientFactoryBean.java:310) ~[spring-cloud-openfeign-core-2.2.5.RELEASE.jar:2.2.5.RELEASE]
	at org.springframework.beans.factory.support.FactoryBeanRegistrySupport.doGetObjectFromFactoryBean(FactoryBeanRegistrySupport.java:169) ~[spring-beans-5.2.9.RELEASE.jar:5.2.9.RELEASE]
	... 49 common frames omitted
Caused by: org.springframework.beans.factory.BeanCreationException: Error creating bean with name 'jpaMappingContext': Invocation of init method failed; nested exception is javax.persistence.PersistenceException: [PersistenceUnit: default] Unable to build Hibernate SessionFactory; nested exception is org.hibernate.loader.MultipleBagFetchException: cannot simultaneously fetch multiple bags: [com.cg.ofd.bean.FoodCart.itemList, com.cg.ofd.bean.Customer.address]
	at org.springframework.beans.factory.support.AbstractAutowireCapableBeanFactory.initializeBean(AbstractAutowireCapableBeanFactory.java:1794) ~[spring-beans-5.2.9.RELEASE.jar:5.2.9.RELEASE]
	at org.springframework.beans.factory.support.AbstractAutowireCapableBeanFactory.doCreateBean(AbstractAutowireCapableBeanFactory.java:594) ~[spring-beans-5.2.9.RELEASE.jar:5.2.9.RELEASE]
	at org.springframework.beans.factory.support.AbstractAutowireCapableBeanFactory.createBean(AbstractAutowireCapableBeanFactory.java:516) ~[spring-beans-5.2.9.RELEASE.jar:5.2.9.RELEASE]
	at org.springframework.beans.factory.support.AbstractBeanFactory.lambda$doGetBean$0(AbstractBeanFactory.java:324) ~[spring-beans-5.2.9.RELEASE.jar:5.2.9.RELEASE]
	at org.springframework.beans.factory.support.DefaultSingletonBeanRegistry.getSingleton(DefaultSingletonBeanRegistry.java:234) ~[spring-beans-5.2.9.RELEASE.jar:5.2.9.RELEASE]
	at org.springframework.beans.factory.support.AbstractBeanFactory.doGetBean(AbstractBeanFactory.java:322) ~[spring-beans-5.2.9.RELEASE.jar:5.2.9.RELEASE]
	at org.springframework.beans.factory.support.AbstractBeanFactory.getBean(AbstractBeanFactory.java:202) ~[spring-beans-5.2.9.RELEASE.jar:5.2.9.RELEASE]
	at org.springframework.beans.factory.support.BeanDefinitionValueResolver.resolveReference(BeanDefinitionValueResolver.java:330) ~[spring-beans-5.2.9.RELEASE.jar:5.2.9.RELEASE]
	... 78 common frames omitted
Caused by: javax.persistence.PersistenceException: [PersistenceUnit: default] Unable to build Hibernate SessionFactory; nested exception is org.hibernate.loader.MultipleBagFetchException: cannot simultaneously fetch multiple bags: [com.cg.ofd.bean.FoodCart.itemList, com.cg.ofd.bean.Customer.address]
	at org.springframework.orm.jpa.AbstractEntityManagerFactoryBean.buildNativeEntityManagerFactory(AbstractEntityManagerFactoryBean.java:403) ~[spring-orm-5.2.9.RELEASE.jar:5.2.9.RELEASE]
	at java.util.concurrent.FutureTask.run(FutureTask.java:266) ~[na:1.8.0_201]
	at java.util.concurrent.ThreadPoolExecutor.runWorker(ThreadPoolExecutor.java:1149) ~[na:1.8.0_201]
	at java.util.concurrent.ThreadPoolExecutor$Worker.run(ThreadPoolExecutor.java:624) ~[na:1.8.0_201]
	at java.lang.Thread.run(Thread.java:748) ~[na:1.8.0_201]
Caused by: org.hibernate.loader.MultipleBagFetchException: cannot simultaneously fetch multiple bags: [com.cg.ofd.bean.FoodCart.itemList, com.cg.ofd.bean.Customer.address]
	at org.hibernate.loader.plan.exec.internal.AbstractLoadQueryDetails.generate(AbstractLoadQueryDetails.java:192) ~[hibernate-core-5.4.21.Final.jar:5.4.21.Final]
	at org.hibernate.loader.plan.exec.internal.EntityLoadQueryDetails.<init>(EntityLoadQueryDetails.java:89) ~[hibernate-core-5.4.21.Final.jar:5.4.21.Final]
	at org.hibernate.loader.plan.exec.internal.BatchingLoadQueryDetailsFactory.makeEntityLoadQueryDetails(BatchingLoadQueryDetailsFactory.java:64) ~[hibernate-core-5.4.21.Final.jar:5.4.21.Final]
	at org.hibernate.loader.entity.plan.AbstractLoadPlanBasedEntityLoader.<init>(AbstractLoadPlanBasedEntityLoader.java:97) ~[hibernate-core-5.4.21.Final.jar:5.4.21.Final]
	at org.hibernate.loader.entity.plan.AbstractLoadPlanBasedEntityLoader.<init>(AbstractLoadPlanBasedEntityLoader.java:112) ~[hibernate-core-5.4.21.Final.jar:5.4.21.Final]
	at org.hibernate.loader.entity.plan.EntityLoader.<init>(EntityLoader.java:125) ~[hibernate-core-5.4.21.Final.jar:5.4.21.Final]
	at org.hibernate.loader.entity.plan.EntityLoader.<init>(EntityLoader.java:38) ~[hibernate-core-5.4.21.Final.jar:5.4.21.Final]
	at org.hibernate.loader.entity.plan.EntityLoader$Builder.byUniqueKey(EntityLoader.java:90) ~[hibernate-core-5.4.21.Final.jar:5.4.21.Final]
	at org.hibernate.loader.entity.plan.EntityLoader$Builder.byPrimaryKey(EntityLoader.java:83) ~[hibernate-core-5.4.21.Final.jar:5.4.21.Final]
	at org.hibernate.loader.entity.plan.AbstractBatchingEntityLoaderBuilder.buildNonBatchingLoader(AbstractBatchingEntityLoaderBuilder.java:30) ~[hibernate-core-5.4.21.Final.jar:5.4.21.Final]
	at org.hibernate.loader.entity.BatchingEntityLoaderBuilder.buildLoader(BatchingEntityLoaderBuilder.java:59) ~[hibernate-core-5.4.21.Final.jar:5.4.21.Final]
	at org.hibernate.persister.entity.AbstractEntityPersister.createEntityLoader(AbstractEntityPersister.java:2564) ~[hibernate-core-5.4.21.Final.jar:5.4.21.Final]
	at org.hibernate.persister.entity.AbstractEntityPersister.createEntityLoader(AbstractEntityPersister.java:2586) ~[hibernate-core-5.4.21.Final.jar:5.4.21.Final]
	at org.hibernate.persister.entity.AbstractEntityPersister.createLoaders(AbstractEntityPersister.java:4315) ~[hibernate-core-5.4.21.Final.jar:5.4.21.Final]
	at org.hibernate.persister.entity.AbstractEntityPersister.postInstantiate(AbstractEntityPersister.java:4291) ~[hibernate-core-5.4.21.Final.jar:5.4.21.Final]
	at org.hibernate.metamodel.internal.MetamodelImpl.initialize(MetamodelImpl.java:257) ~[hibernate-core-5.4.21.Final.jar:5.4.21.Final]
	at org.hibernate.internal.SessionFactoryImpl.<init>(SessionFactoryImpl.java:301) ~[hibernate-core-5.4.21.Final.jar:5.4.21.Final]
	at org.hibernate.boot.internal.SessionFactoryBuilderImpl.build(SessionFactoryBuilderImpl.java:469) ~[hibernate-core-5.4.21.Final.jar:5.4.21.Final]
	at org.hibernate.jpa.boot.internal.EntityManagerFactoryBuilderImpl.build(EntityManagerFactoryBuilderImpl.java:1259) ~[hibernate-core-5.4.21.Final.jar:5.4.21.Final]
	at org.springframework.orm.jpa.vendor.SpringHibernateJpaPersistenceProvider.createContainerEntityManagerFactory(SpringHibernateJpaPersistenceProvider.java:58) ~[spring-orm-5.2.9.RELEASE.jar:5.2.9.RELEASE]
	at org.springframework.orm.jpa.LocalContainerEntityManagerFactoryBean.createNativeEntityManagerFactory(LocalContainerEntityManagerFactoryBean.java:365) ~[spring-orm-5.2.9.RELEASE.jar:5.2.9.RELEASE]
	at org.springframework.orm.jpa.AbstractEntityManagerFactoryBean.buildNativeEntityManagerFactory(AbstractEntityManagerFactoryBean.java:391) ~[spring-orm-5.2.9.RELEASE.jar:5.2.9.RELEASE]
	... 4 common frames omitted

2020-11-05 17:49:45.005  INFO 45768 --- [restartedMain] c.cg.ofd.OrderDetailsServiceApplication  : No active profile set, falling back to default profiles: default
2020-11-05 17:49:46.630  WARN 45768 --- [restartedMain] JpaBaseConfiguration$JpaWebConfiguration : spring.jpa.open-in-view is enabled by default. Therefore, database queries may be performed during view rendering. Explicitly configure spring.jpa.open-in-view to disable this warning
2020-11-05 17:49:46.678  WARN 45768 --- [restartedMain] o.s.b.d.a.OptionalLiveReloadServer       : Unable to start LiveReload server
2020-11-05 17:49:46.733  WARN 45768 --- [restartedMain] s.c.a.AnnotationConfigApplicationContext : Exception encountered during context initialization - cancelling refresh attempt: org.springframework.beans.factory.BeanCreationException: Error creating bean with name 'orderDao' defined in com.cg.ofd.dao.OrderDao defined in @EnableJpaRepositories declared on JpaRepositoriesRegistrar.EnableJpaRepositoriesConfiguration: Cannot resolve reference to bean 'jpaMappingContext' while setting bean property 'mappingContext'; nested exception is org.springframework.beans.factory.BeanCreationException: Error creating bean with name 'jpaMappingContext': Invocation of init method failed; nested exception is javax.persistence.PersistenceException: [PersistenceUnit: default] Unable to build Hibernate SessionFactory; nested exception is org.hibernate.loader.MultipleBagFetchException: cannot simultaneously fetch multiple bags: [com.cg.ofd.bean.FoodCart.itemList, com.cg.ofd.bean.Customer.address]
2020-11-05 17:49:46.734  WARN 45768 --- [restartedMain] ConfigServletWebServerApplicationContext : Exception encountered during context initialization - cancelling refresh attempt: org.springframework.beans.factory.UnsatisfiedDependencyException: Error creating bean with name 'foodCartController': Unsatisfied dependency expressed through field 'foodCartservice'; nested exception is org.springframework.beans.factory.UnsatisfiedDependencyException: Error creating bean with name 'foodCartServiceImpl': Unsatisfied dependency expressed through field 'cProxy'; nested exception is org.springframework.beans.factory.BeanCreationException: Error creating bean with name 'com.cg.ofd.feignproxy.CustomerServiceProxy': FactoryBean threw exception on object creation; nested exception is org.springframework.beans.factory.BeanCreationException: Error creating bean with name 'orderDao' defined in com.cg.ofd.dao.OrderDao defined in @EnableJpaRepositories declared on JpaRepositoriesRegistrar.EnableJpaRepositoriesConfiguration: Cannot resolve reference to bean 'jpaMappingContext' while setting bean property 'mappingContext'; nested exception is org.springframework.beans.factory.BeanCreationException: Error creating bean with name 'jpaMappingContext': Invocation of init method failed; nested exception is javax.persistence.PersistenceException: [PersistenceUnit: default] Unable to build Hibernate SessionFactory; nested exception is org.hibernate.loader.MultipleBagFetchException: cannot simultaneously fetch multiple bags: [com.cg.ofd.bean.FoodCart.itemList, com.cg.ofd.bean.Customer.address]
2020-11-05 17:49:46.735  WARN 45768 --- [restartedMain] o.s.b.f.support.DisposableBeanAdapter    : Invocation of destroy method failed on bean with name 'entityManagerFactory': javax.persistence.PersistenceException: [PersistenceUnit: default] Unable to build Hibernate SessionFactory; nested exception is org.hibernate.loader.MultipleBagFetchException: cannot simultaneously fetch multiple bags: [com.cg.ofd.bean.FoodCart.itemList, com.cg.ofd.bean.Customer.address]
2020-11-05 17:49:46.781 ERROR 45768 --- [restartedMain] o.s.boot.SpringApplication               : Application run failed

org.springframework.beans.factory.UnsatisfiedDependencyException: Error creating bean with name 'foodCartController': Unsatisfied dependency expressed through field 'foodCartservice'; nested exception is org.springframework.beans.factory.UnsatisfiedDependencyException: Error creating bean with name 'foodCartServiceImpl': Unsatisfied dependency expressed through field 'cProxy'; nested exception is org.springframework.beans.factory.BeanCreationException: Error creating bean with name 'com.cg.ofd.feignproxy.CustomerServiceProxy': FactoryBean threw exception on object creation; nested exception is org.springframework.beans.factory.BeanCreationException: Error creating bean with name 'orderDao' defined in com.cg.ofd.dao.OrderDao defined in @EnableJpaRepositories declared on JpaRepositoriesRegistrar.EnableJpaRepositoriesConfiguration: Cannot resolve reference to bean 'jpaMappingContext' while setting bean property 'mappingContext'; nested exception is org.springframework.beans.factory.BeanCreationException: Error creating bean with name 'jpaMappingContext': Invocation of init method failed; nested exception is javax.persistence.PersistenceException: [PersistenceUnit: default] Unable to build Hibernate SessionFactory; nested exception is org.hibernate.loader.MultipleBagFetchException: cannot simultaneously fetch multiple bags: [com.cg.ofd.bean.FoodCart.itemList, com.cg.ofd.bean.Customer.address]
	at org.springframework.beans.factory.annotation.AutowiredAnnotationBeanPostProcessor$AutowiredFieldElement.inject(AutowiredAnnotationBeanPostProcessor.java:643) ~[spring-beans-5.2.9.RELEASE.jar:5.2.9.RELEASE]
	at org.springframework.beans.factory.annotation.InjectionMetadata.inject(InjectionMetadata.java:130) ~[spring-beans-5.2.9.RELEASE.jar:5.2.9.RELEASE]
	at org.springframework.beans.factory.annotation.AutowiredAnnotationBeanPostProcessor.postProcessProperties(AutowiredAnnotationBeanPostProcessor.java:399) ~[spring-beans-5.2.9.RELEASE.jar:5.2.9.RELEASE]
	at org.springframework.beans.factory.support.AbstractAutowireCapableBeanFactory.populateBean(AbstractAutowireCapableBeanFactory.java:1420) ~[spring-beans-5.2.9.RELEASE.jar:5.2.9.RELEASE]
	at org.springframework.beans.factory.support.AbstractAutowireCapableBeanFactory.doCreateBean(AbstractAutowireCapableBeanFactory.java:593) ~[spring-beans-5.2.9.RELEASE.jar:5.2.9.RELEASE]
	at org.springframework.beans.factory.support.AbstractAutowireCapableBeanFactory.createBean(AbstractAutowireCapableBeanFactory.java:516) ~[spring-beans-5.2.9.RELEASE.jar:5.2.9.RELEASE]
	at org.springframework.beans.factory.support.AbstractBeanFactory.lambda$doGetBean$0(AbstractBeanFactory.java:324) ~[spring-beans-5.2.9.RELEASE.jar:5.2.9.RELEASE]
	at org.springframework.beans.factory.support.DefaultSingletonBeanRegistry.getSingleton(DefaultSingletonBeanRegistry.java:234) ~[spring-beans-5.2.9.RELEASE.jar:5.2.9.RELEASE]
	at org.springframework.beans.factory.support.AbstractBeanFactory.doGetBean(AbstractBeanFactory.java:322) ~[spring-beans-5.2.9.RELEASE.jar:5.2.9.RELEASE]
	at org.springframework.beans.factory.support.AbstractBeanFactory.getBean(AbstractBeanFactory.java:202) ~[spring-beans-5.2.9.RELEASE.jar:5.2.9.RELEASE]
	at org.springframework.beans.factory.support.DefaultListableBeanFactory.preInstantiateSingletons(DefaultListableBeanFactory.java:897) ~[spring-beans-5.2.9.RELEASE.jar:5.2.9.RELEASE]
	at org.springframework.context.support.AbstractApplicationContext.finishBeanFactoryInitialization(AbstractApplicationContext.java:879) ~[spring-context-5.2.9.RELEASE.jar:5.2.9.RELEASE]
	at org.springframework.context.support.AbstractApplicationContext.refresh(AbstractApplicationContext.java:551) ~[spring-context-5.2.9.RELEASE.jar:5.2.9.RELEASE]
	at org.springframework.boot.web.servlet.context.ServletWebServerApplicationContext.refresh(ServletWebServerApplicationContext.java:143) ~[spring-boot-2.3.4.RELEASE.jar:2.3.4.RELEASE]
	at org.springframework.boot.SpringApplication.refresh(SpringApplication.java:758) [spring-boot-2.3.4.RELEASE.jar:2.3.4.RELEASE]
	at org.springframework.boot.SpringApplication.refresh(SpringApplication.java:750) [spring-boot-2.3.4.RELEASE.jar:2.3.4.RELEASE]
	at org.springframework.boot.SpringApplication.refreshContext(SpringApplication.java:397) [spring-boot-2.3.4.RELEASE.jar:2.3.4.RELEASE]
	at org.springframework.boot.SpringApplication.run(SpringApplication.java:315) [spring-boot-2.3.4.RELEASE.jar:2.3.4.RELEASE]
	at org.springframework.boot.SpringApplication.run(SpringApplication.java:1237) [spring-boot-2.3.4.RELEASE.jar:2.3.4.RELEASE]
	at org.springframework.boot.SpringApplication.run(SpringApplication.java:1226) [spring-boot-2.3.4.RELEASE.jar:2.3.4.RELEASE]
	at com.cg.ofd.OrderDetailsServiceApplication.main(OrderDetailsServiceApplication.java:32) [classes/:na]
	at sun.reflect.NativeMethodAccessorImpl.invoke0(Native Method) ~[na:1.8.0_201]
	at sun.reflect.NativeMethodAccessorImpl.invoke(NativeMethodAccessorImpl.java:62) ~[na:1.8.0_201]
	at sun.reflect.DelegatingMethodAccessorImpl.invoke(DelegatingMethodAccessorImpl.java:43) ~[na:1.8.0_201]
	at java.lang.reflect.Method.invoke(Method.java:498) ~[na:1.8.0_201]
	at org.springframework.boot.devtools.restart.RestartLauncher.run(RestartLauncher.java:49) [spring-boot-devtools-2.3.4.RELEASE.jar:2.3.4.RELEASE]
Caused by: org.springframework.beans.factory.UnsatisfiedDependencyException: Error creating bean with name 'foodCartServiceImpl': Unsatisfied dependency expressed through field 'cProxy'; nested exception is org.springframework.beans.factory.BeanCreationException: Error creating bean with name 'com.cg.ofd.feignproxy.CustomerServiceProxy': FactoryBean threw exception on object creation; nested exception is org.springframework.beans.factory.BeanCreationException: Error creating bean with name 'orderDao' defined in com.cg.ofd.dao.OrderDao defined in @EnableJpaRepositories declared on JpaRepositoriesRegistrar.EnableJpaRepositoriesConfiguration: Cannot resolve reference to bean 'jpaMappingContext' while setting bean property 'mappingContext'; nested exception is org.springframework.beans.factory.BeanCreationException: Error creating bean with name 'jpaMappingContext': Invocation of init method failed; nested exception is javax.persistence.PersistenceException: [PersistenceUnit: default] Unable to build Hibernate SessionFactory; nested exception is org.hibernate.loader.MultipleBagFetchException: cannot simultaneously fetch multiple bags: [com.cg.ofd.bean.FoodCart.itemList, com.cg.ofd.bean.Customer.address]
	at org.springframework.beans.factory.annotation.AutowiredAnnotationBeanPostProcessor$AutowiredFieldElement.inject(AutowiredAnnotationBeanPostProcessor.java:643) ~[spring-beans-5.2.9.RELEASE.jar:5.2.9.RELEASE]
	at org.springframework.beans.factory.annotation.InjectionMetadata.inject(InjectionMetadata.java:130) ~[spring-beans-5.2.9.RELEASE.jar:5.2.9.RELEASE]
	at org.springframework.beans.factory.annotation.AutowiredAnnotationBeanPostProcessor.postProcessProperties(AutowiredAnnotationBeanPostProcessor.java:399) ~[spring-beans-5.2.9.RELEASE.jar:5.2.9.RELEASE]
	at org.springframework.beans.factory.support.AbstractAutowireCapableBeanFactory.populateBean(AbstractAutowireCapableBeanFactory.java:1420) ~[spring-beans-5.2.9.RELEASE.jar:5.2.9.RELEASE]
	at org.springframework.beans.factory.support.AbstractAutowireCapableBeanFactory.doCreateBean(AbstractAutowireCapableBeanFactory.java:593) ~[spring-beans-5.2.9.RELEASE.jar:5.2.9.RELEASE]
	at org.springframework.beans.factory.support.AbstractAutowireCapableBeanFactory.createBean(AbstractAutowireCapableBeanFactory.java:516) ~[spring-beans-5.2.9.RELEASE.jar:5.2.9.RELEASE]
	at org.springframework.beans.factory.support.AbstractBeanFactory.lambda$doGetBean$0(AbstractBeanFactory.java:324) ~[spring-beans-5.2.9.RELEASE.jar:5.2.9.RELEASE]
	at org.springframework.beans.factory.support.DefaultSingletonBeanRegistry.getSingleton(DefaultSingletonBeanRegistry.java:234) ~[spring-beans-5.2.9.RELEASE.jar:5.2.9.RELEASE]
	at org.springframework.beans.factory.support.AbstractBeanFactory.doGetBean(AbstractBeanFactory.java:322) ~[spring-beans-5.2.9.RELEASE.jar:5.2.9.RELEASE]
	at org.springframework.beans.factory.support.AbstractBeanFactory.getBean(AbstractBeanFactory.java:202) ~[spring-beans-5.2.9.RELEASE.jar:5.2.9.RELEASE]
	at org.springframework.beans.factory.config.DependencyDescriptor.resolveCandidate(DependencyDescriptor.java:276) ~[spring-beans-5.2.9.RELEASE.jar:5.2.9.RELEASE]
	at org.springframework.beans.factory.support.DefaultListableBeanFactory.doResolveDependency(DefaultListableBeanFactory.java:1307) ~[spring-beans-5.2.9.RELEASE.jar:5.2.9.RELEASE]
	at org.springframework.beans.factory.support.DefaultListableBeanFactory.resolveDependency(DefaultListableBeanFactory.java:1227) ~[spring-beans-5.2.9.RELEASE.jar:5.2.9.RELEASE]
	at org.springframework.beans.factory.annotation.AutowiredAnnotationBeanPostProcessor$AutowiredFieldElement.inject(AutowiredAnnotationBeanPostProcessor.java:640) ~[spring-beans-5.2.9.RELEASE.jar:5.2.9.RELEASE]
	... 25 common frames omitted
Caused by: org.springframework.beans.factory.BeanCreationException: Error creating bean with name 'com.cg.ofd.feignproxy.CustomerServiceProxy': FactoryBean threw exception on object creation; nested exception is org.springframework.beans.factory.BeanCreationException: Error creating bean with name 'orderDao' defined in com.cg.ofd.dao.OrderDao defined in @EnableJpaRepositories declared on JpaRepositoriesRegistrar.EnableJpaRepositoriesConfiguration: Cannot resolve reference to bean 'jpaMappingContext' while setting bean property 'mappingContext'; nested exception is org.springframework.beans.factory.BeanCreationException: Error creating bean with name 'jpaMappingContext': Invocation of init method failed; nested exception is javax.persistence.PersistenceException: [PersistenceUnit: default] Unable to build Hibernate SessionFactory; nested exception is org.hibernate.loader.MultipleBagFetchException: cannot simultaneously fetch multiple bags: [com.cg.ofd.bean.FoodCart.itemList, com.cg.ofd.bean.Customer.address]
	at org.springframework.beans.factory.support.FactoryBeanRegistrySupport.doGetObjectFromFactoryBean(FactoryBeanRegistrySupport.java:176) ~[spring-beans-5.2.9.RELEASE.jar:5.2.9.RELEASE]
	at org.springframework.beans.factory.support.FactoryBeanRegistrySupport.getObjectFromFactoryBean(FactoryBeanRegistrySupport.java:101) ~[spring-beans-5.2.9.RELEASE.jar:5.2.9.RELEASE]
	at org.springframework.beans.factory.support.AbstractBeanFactory.getObjectForBeanInstance(AbstractBeanFactory.java:1828) ~[spring-beans-5.2.9.RELEASE.jar:5.2.9.RELEASE]
	at org.springframework.beans.factory.support.AbstractAutowireCapableBeanFactory.getObjectForBeanInstance(AbstractAutowireCapableBeanFactory.java:1265) ~[spring-beans-5.2.9.RELEASE.jar:5.2.9.RELEASE]
	at org.springframework.beans.factory.support.AbstractBeanFactory.doGetBean(AbstractBeanFactory.java:261) ~[spring-beans-5.2.9.RELEASE.jar:5.2.9.RELEASE]
	at org.springframework.beans.factory.support.AbstractBeanFactory.getBean(AbstractBeanFactory.java:202) ~[spring-beans-5.2.9.RELEASE.jar:5.2.9.RELEASE]
	at org.springframework.beans.factory.config.DependencyDescriptor.resolveCandidate(DependencyDescriptor.java:276) ~[spring-beans-5.2.9.RELEASE.jar:5.2.9.RELEASE]
	at org.springframework.beans.factory.support.DefaultListableBeanFactory.addCandidateEntry(DefaultListableBeanFactory.java:1532) ~[spring-beans-5.2.9.RELEASE.jar:5.2.9.RELEASE]
	at org.springframework.beans.factory.support.DefaultListableBeanFactory.findAutowireCandidates(DefaultListableBeanFactory.java:1489) ~[spring-beans-5.2.9.RELEASE.jar:5.2.9.RELEASE]
	at org.springframework.beans.factory.support.DefaultListableBeanFactory.doResolveDependency(DefaultListableBeanFactory.java:1270) ~[spring-beans-5.2.9.RELEASE.jar:5.2.9.RELEASE]
	at org.springframework.beans.factory.support.DefaultListableBeanFactory.resolveDependency(DefaultListableBeanFactory.java:1227) ~[spring-beans-5.2.9.RELEASE.jar:5.2.9.RELEASE]
	at org.springframework.beans.factory.annotation.AutowiredAnnotationBeanPostProcessor$AutowiredFieldElement.inject(AutowiredAnnotationBeanPostProcessor.java:640) ~[spring-beans-5.2.9.RELEASE.jar:5.2.9.RELEASE]
	... 38 common frames omitted
Caused by: org.springframework.beans.factory.BeanCreationException: Error creating bean with name 'orderDao' defined in com.cg.ofd.dao.OrderDao defined in @EnableJpaRepositories declared on JpaRepositoriesRegistrar.EnableJpaRepositoriesConfiguration: Cannot resolve reference to bean 'jpaMappingContext' while setting bean property 'mappingContext'; nested exception is org.springframework.beans.factory.BeanCreationException: Error creating bean with name 'jpaMappingContext': Invocation of init method failed; nested exception is javax.persistence.PersistenceException: [PersistenceUnit: default] Unable to build Hibernate SessionFactory; nested exception is org.hibernate.loader.MultipleBagFetchException: cannot simultaneously fetch multiple bags: [com.cg.ofd.bean.FoodCart.itemList, com.cg.ofd.bean.Customer.address]
	at org.springframework.beans.factory.support.BeanDefinitionValueResolver.resolveReference(BeanDefinitionValueResolver.java:342) ~[spring-beans-5.2.9.RELEASE.jar:5.2.9.RELEASE]
	at org.springframework.beans.factory.support.BeanDefinitionValueResolver.resolveValueIfNecessary(BeanDefinitionValueResolver.java:113) ~[spring-beans-5.2.9.RELEASE.jar:5.2.9.RELEASE]
	at org.springframework.beans.factory.support.AbstractAutowireCapableBeanFactory.applyPropertyValues(AbstractAutowireCapableBeanFactory.java:1697) ~[spring-beans-5.2.9.RELEASE.jar:5.2.9.RELEASE]
	at org.springframework.beans.factory.support.AbstractAutowireCapableBeanFactory.populateBean(AbstractAutowireCapableBeanFactory.java:1442) ~[spring-beans-5.2.9.RELEASE.jar:5.2.9.RELEASE]
	at org.springframework.beans.factory.support.AbstractAutowireCapableBeanFactory.doCreateBean(AbstractAutowireCapableBeanFactory.java:593) ~[spring-beans-5.2.9.RELEASE.jar:5.2.9.RELEASE]
	at org.springframework.beans.factory.support.AbstractAutowireCapableBeanFactory.createBean(AbstractAutowireCapableBeanFactory.java:516) ~[spring-beans-5.2.9.RELEASE.jar:5.2.9.RELEASE]
	at org.springframework.beans.factory.support.AbstractBeanFactory.lambda$doGetBean$0(AbstractBeanFactory.java:324) ~[spring-beans-5.2.9.RELEASE.jar:5.2.9.RELEASE]
	at org.springframework.beans.factory.support.DefaultSingletonBeanRegistry.getSingleton(DefaultSingletonBeanRegistry.java:234) ~[spring-beans-5.2.9.RELEASE.jar:5.2.9.RELEASE]
	at org.springframework.beans.factory.support.AbstractBeanFactory.doGetBean(AbstractBeanFactory.java:322) ~[spring-beans-5.2.9.RELEASE.jar:5.2.9.RELEASE]
	at org.springframework.beans.factory.support.AbstractBeanFactory.getBean(AbstractBeanFactory.java:202) ~[spring-beans-5.2.9.RELEASE.jar:5.2.9.RELEASE]
	at org.springframework.beans.factory.support.DefaultListableBeanFactory.getBeansOfType(DefaultListableBeanFactory.java:624) ~[spring-beans-5.2.9.RELEASE.jar:5.2.9.RELEASE]
	at org.springframework.beans.factory.support.DefaultListableBeanFactory.getBeansOfType(DefaultListableBeanFactory.java:612) ~[spring-beans-5.2.9.RELEASE.jar:5.2.9.RELEASE]
	at org.springframework.data.repository.config.DeferredRepositoryInitializationListener.onApplicationEvent(DeferredRepositoryInitializationListener.java:51) ~[spring-data-commons-2.3.4.RELEASE.jar:2.3.4.RELEASE]
	at org.springframework.data.repository.config.DeferredRepositoryInitializationListener.onApplicationEvent(DeferredRepositoryInitializationListener.java:36) ~[spring-data-commons-2.3.4.RELEASE.jar:2.3.4.RELEASE]
	at org.springframework.context.event.SimpleApplicationEventMulticaster.doInvokeListener(SimpleApplicationEventMulticaster.java:172) ~[spring-context-5.2.9.RELEASE.jar:5.2.9.RELEASE]
	at org.springframework.context.event.SimpleApplicationEventMulticaster.invokeListener(SimpleApplicationEventMulticaster.java:165) ~[spring-context-5.2.9.RELEASE.jar:5.2.9.RELEASE]
	at org.springframework.context.event.SimpleApplicationEventMulticaster.multicastEvent(SimpleApplicationEventMulticaster.java:139) ~[spring-context-5.2.9.RELEASE.jar:5.2.9.RELEASE]
	at org.springframework.context.support.AbstractApplicationContext.publishEvent(AbstractApplicationContext.java:404) ~[spring-context-5.2.9.RELEASE.jar:5.2.9.RELEASE]
	at org.springframework.context.support.AbstractApplicationContext.publishEvent(AbstractApplicationContext.java:410) ~[spring-context-5.2.9.RELEASE.jar:5.2.9.RELEASE]
	at org.springframework.context.support.AbstractApplicationContext.publishEvent(AbstractApplicationContext.java:361) ~[spring-context-5.2.9.RELEASE.jar:5.2.9.RELEASE]
	at org.springframework.context.support.AbstractApplicationContext.finishRefresh(AbstractApplicationContext.java:898) ~[spring-context-5.2.9.RELEASE.jar:5.2.9.RELEASE]
	at org.springframework.context.support.AbstractApplicationContext.refresh(AbstractApplicationContext.java:554) ~[spring-context-5.2.9.RELEASE.jar:5.2.9.RELEASE]
	at org.springframework.cloud.context.named.NamedContextFactory.createContext(NamedContextFactory.java:136) ~[spring-cloud-context-2.2.5.RELEASE.jar:2.2.5.RELEASE]
	at org.springframework.cloud.context.named.NamedContextFactory.getContext(NamedContextFactory.java:101) ~[spring-cloud-context-2.2.5.RELEASE.jar:2.2.5.RELEASE]
	at org.springframework.cloud.context.named.NamedContextFactory.getInstance(NamedContextFactory.java:145) ~[spring-cloud-context-2.2.5.RELEASE.jar:2.2.5.RELEASE]
	at org.springframework.cloud.openfeign.FeignClientFactoryBean.get(FeignClientFactoryBean.java:264) ~[spring-cloud-openfeign-core-2.2.5.RELEASE.jar:2.2.5.RELEASE]
	at org.springframework.cloud.openfeign.FeignClientFactoryBean.feign(FeignClientFactoryBean.java:97) ~[spring-cloud-openfeign-core-2.2.5.RELEASE.jar:2.2.5.RELEASE]
	at org.springframework.cloud.openfeign.FeignClientFactoryBean.getTarget(FeignClientFactoryBean.java:320) ~[spring-cloud-openfeign-core-2.2.5.RELEASE.jar:2.2.5.RELEASE]
	at org.springframework.cloud.openfeign.FeignClientFactoryBean.getObject(FeignClientFactoryBean.java:310) ~[spring-cloud-openfeign-core-2.2.5.RELEASE.jar:2.2.5.RELEASE]
	at org.springframework.beans.factory.support.FactoryBeanRegistrySupport.doGetObjectFromFactoryBean(FactoryBeanRegistrySupport.java:169) ~[spring-beans-5.2.9.RELEASE.jar:5.2.9.RELEASE]
	... 49 common frames omitted
Caused by: org.springframework.beans.factory.BeanCreationException: Error creating bean with name 'jpaMappingContext': Invocation of init method failed; nested exception is javax.persistence.PersistenceException: [PersistenceUnit: default] Unable to build Hibernate SessionFactory; nested exception is org.hibernate.loader.MultipleBagFetchException: cannot simultaneously fetch multiple bags: [com.cg.ofd.bean.FoodCart.itemList, com.cg.ofd.bean.Customer.address]
	at org.springframework.beans.factory.support.AbstractAutowireCapableBeanFactory.initializeBean(AbstractAutowireCapableBeanFactory.java:1794) ~[spring-beans-5.2.9.RELEASE.jar:5.2.9.RELEASE]
	at org.springframework.beans.factory.support.AbstractAutowireCapableBeanFactory.doCreateBean(AbstractAutowireCapableBeanFactory.java:594) ~[spring-beans-5.2.9.RELEASE.jar:5.2.9.RELEASE]
	at org.springframework.beans.factory.support.AbstractAutowireCapableBeanFactory.createBean(AbstractAutowireCapableBeanFactory.java:516) ~[spring-beans-5.2.9.RELEASE.jar:5.2.9.RELEASE]
	at org.springframework.beans.factory.support.AbstractBeanFactory.lambda$doGetBean$0(AbstractBeanFactory.java:324) ~[spring-beans-5.2.9.RELEASE.jar:5.2.9.RELEASE]
	at org.springframework.beans.factory.support.DefaultSingletonBeanRegistry.getSingleton(DefaultSingletonBeanRegistry.java:234) ~[spring-beans-5.2.9.RELEASE.jar:5.2.9.RELEASE]
	at org.springframework.beans.factory.support.AbstractBeanFactory.doGetBean(AbstractBeanFactory.java:322) ~[spring-beans-5.2.9.RELEASE.jar:5.2.9.RELEASE]
	at org.springframework.beans.factory.support.AbstractBeanFactory.getBean(AbstractBeanFactory.java:202) ~[spring-beans-5.2.9.RELEASE.jar:5.2.9.RELEASE]
	at org.springframework.beans.factory.support.BeanDefinitionValueResolver.resolveReference(BeanDefinitionValueResolver.java:330) ~[spring-beans-5.2.9.RELEASE.jar:5.2.9.RELEASE]
	... 78 common frames omitted
Caused by: javax.persistence.PersistenceException: [PersistenceUnit: default] Unable to build Hibernate SessionFactory; nested exception is org.hibernate.loader.MultipleBagFetchException: cannot simultaneously fetch multiple bags: [com.cg.ofd.bean.FoodCart.itemList, com.cg.ofd.bean.Customer.address]
	at org.springframework.orm.jpa.AbstractEntityManagerFactoryBean.buildNativeEntityManagerFactory(AbstractEntityManagerFactoryBean.java:403) ~[spring-orm-5.2.9.RELEASE.jar:5.2.9.RELEASE]
	at java.util.concurrent.FutureTask.run(FutureTask.java:266) ~[na:1.8.0_201]
	at java.util.concurrent.ThreadPoolExecutor.runWorker(ThreadPoolExecutor.java:1149) ~[na:1.8.0_201]
	at java.util.concurrent.ThreadPoolExecutor$Worker.run(ThreadPoolExecutor.java:624) ~[na:1.8.0_201]
	at java.lang.Thread.run(Thread.java:748) ~[na:1.8.0_201]
Caused by: org.hibernate.loader.MultipleBagFetchException: cannot simultaneously fetch multiple bags: [com.cg.ofd.bean.FoodCart.itemList, com.cg.ofd.bean.Customer.address]
	at org.hibernate.loader.plan.exec.internal.AbstractLoadQueryDetails.generate(AbstractLoadQueryDetails.java:192) ~[hibernate-core-5.4.21.Final.jar:5.4.21.Final]
	at org.hibernate.loader.plan.exec.internal.EntityLoadQueryDetails.<init>(EntityLoadQueryDetails.java:89) ~[hibernate-core-5.4.21.Final.jar:5.4.21.Final]
	at org.hibernate.loader.plan.exec.internal.BatchingLoadQueryDetailsFactory.makeEntityLoadQueryDetails(BatchingLoadQueryDetailsFactory.java:64) ~[hibernate-core-5.4.21.Final.jar:5.4.21.Final]
	at org.hibernate.loader.entity.plan.AbstractLoadPlanBasedEntityLoader.<init>(AbstractLoadPlanBasedEntityLoader.java:97) ~[hibernate-core-5.4.21.Final.jar:5.4.21.Final]
	at org.hibernate.loader.entity.plan.AbstractLoadPlanBasedEntityLoader.<init>(AbstractLoadPlanBasedEntityLoader.java:112) ~[hibernate-core-5.4.21.Final.jar:5.4.21.Final]
	at org.hibernate.loader.entity.plan.EntityLoader.<init>(EntityLoader.java:125) ~[hibernate-core-5.4.21.Final.jar:5.4.21.Final]
	at org.hibernate.loader.entity.plan.EntityLoader.<init>(EntityLoader.java:38) ~[hibernate-core-5.4.21.Final.jar:5.4.21.Final]
	at org.hibernate.loader.entity.plan.EntityLoader$Builder.byUniqueKey(EntityLoader.java:90) ~[hibernate-core-5.4.21.Final.jar:5.4.21.Final]
	at org.hibernate.loader.entity.plan.EntityLoader$Builder.byPrimaryKey(EntityLoader.java:83) ~[hibernate-core-5.4.21.Final.jar:5.4.21.Final]
	at org.hibernate.loader.entity.plan.AbstractBatchingEntityLoaderBuilder.buildNonBatchingLoader(AbstractBatchingEntityLoaderBuilder.java:30) ~[hibernate-core-5.4.21.Final.jar:5.4.21.Final]
	at org.hibernate.loader.entity.BatchingEntityLoaderBuilder.buildLoader(BatchingEntityLoaderBuilder.java:59) ~[hibernate-core-5.4.21.Final.jar:5.4.21.Final]
	at org.hibernate.persister.entity.AbstractEntityPersister.createEntityLoader(AbstractEntityPersister.java:2564) ~[hibernate-core-5.4.21.Final.jar:5.4.21.Final]
	at org.hibernate.persister.entity.AbstractEntityPersister.createEntityLoader(AbstractEntityPersister.java:2586) ~[hibernate-core-5.4.21.Final.jar:5.4.21.Final]
	at org.hibernate.persister.entity.AbstractEntityPersister.createLoaders(AbstractEntityPersister.java:4315) ~[hibernate-core-5.4.21.Final.jar:5.4.21.Final]
	at org.hibernate.persister.entity.AbstractEntityPersister.postInstantiate(AbstractEntityPersister.java:4291) ~[hibernate-core-5.4.21.Final.jar:5.4.21.Final]
	at org.hibernate.metamodel.internal.MetamodelImpl.initialize(MetamodelImpl.java:257) ~[hibernate-core-5.4.21.Final.jar:5.4.21.Final]
	at org.hibernate.internal.SessionFactoryImpl.<init>(SessionFactoryImpl.java:301) ~[hibernate-core-5.4.21.Final.jar:5.4.21.Final]
	at org.hibernate.boot.internal.SessionFactoryBuilderImpl.build(SessionFactoryBuilderImpl.java:469) ~[hibernate-core-5.4.21.Final.jar:5.4.21.Final]
	at org.hibernate.jpa.boot.internal.EntityManagerFactoryBuilderImpl.build(EntityManagerFactoryBuilderImpl.java:1259) ~[hibernate-core-5.4.21.Final.jar:5.4.21.Final]
	at org.springframework.orm.jpa.vendor.SpringHibernateJpaPersistenceProvider.createContainerEntityManagerFactory(SpringHibernateJpaPersistenceProvider.java:58) ~[spring-orm-5.2.9.RELEASE.jar:5.2.9.RELEASE]
	at org.springframework.orm.jpa.LocalContainerEntityManagerFactoryBean.createNativeEntityManagerFactory(LocalContainerEntityManagerFactoryBean.java:365) ~[spring-orm-5.2.9.RELEASE.jar:5.2.9.RELEASE]
	at org.springframework.orm.jpa.AbstractEntityManagerFactoryBean.buildNativeEntityManagerFactory(AbstractEntityManagerFactoryBean.java:391) ~[spring-orm-5.2.9.RELEASE.jar:5.2.9.RELEASE]
	... 4 common frames omitted

2020-11-05 17:57:59.972  INFO 47800 --- [restartedMain] c.cg.ofd.OrderDetailsServiceApplication  : No active profile set, falling back to default profiles: default
2020-11-05 17:58:02.160  WARN 47800 --- [restartedMain] o.s.boot.actuate.endpoint.EndpointId     : Endpoint ID 'service-registry' contains invalid characters, please migrate to a valid format.
2020-11-05 17:58:03.637  WARN 47800 --- [restartedMain] c.n.c.sources.URLConfigurationSource     : No URLs will be polled as dynamic configuration sources.
2020-11-05 17:58:04.201  WARN 47800 --- [restartedMain] JpaBaseConfiguration$JpaWebConfiguration : spring.jpa.open-in-view is enabled by default. Therefore, database queries may be performed during view rendering. Explicitly configure spring.jpa.open-in-view to disable this warning
2020-11-05 17:58:04.303  WARN 47800 --- [restartedMain] o.s.b.d.a.OptionalLiveReloadServer       : Unable to start LiveReload server
2020-11-05 17:58:13.263  WARN 47800 --- [restartedMain] c.n.c.sources.URLConfigurationSource     : No URLs will be polled as dynamic configuration sources.
2020-11-05 17:58:14.392  WARN 47800 --- [restartedMain] ockingLoadBalancerClientRibbonWarnLogger : You already have RibbonLoadBalancerClient on your classpath. It will be used by default. As Spring Cloud Ribbon is in maintenance mode. We recommend switching to BlockingLoadBalancerClient instead. In order to use it, set the value of `spring.cloud.loadbalancer.ribbon.enabled` to `false` or remove spring-cloud-starter-netflix-ribbon from your project.
2020-11-05 17:58:16.498  INFO 47800 --- [restartedMain] c.cg.ofd.OrderDetailsServiceApplication  : Started OrderDetailsServiceApplication in 18.851 seconds (JVM running for 20.556)
2020-11-05 18:03:07.190  INFO 47800 --- [http-nio-7070-exec-2] c.cg.ofd.controller.FoodCartController   : Inside addItemToCart() method of FoodCartController
2020-11-05 18:03:29.207  INFO 47800 --- [http-nio-7070-exec-3] c.cg.ofd.controller.FoodCartController   : Inside viewCart() method of FoodCartController
2020-11-05 18:04:01.724  INFO 47800 --- [http-nio-7070-exec-4] com.cg.ofd.controller.OrderController    : Inside addOrder() method of OrderController
2020-11-05 18:04:43.106  INFO 47800 --- [http-nio-7070-exec-5] com.cg.ofd.controller.OrderController    : Inside findOrdersByCustomer() method of OrderController
2020-11-05 18:04:43.145  INFO 47800 --- [http-nio-7070-exec-6] com.cg.ofd.controller.OrderController    : Inside findOrdersByCustomer() method of OrderController
2020-11-05 18:04:43.160  INFO 47800 --- [http-nio-7070-exec-7] com.cg.ofd.controller.OrderController    : Inside findOrdersByCustomer() method of OrderController
